[Mon May 08 15:47:32.480484 2017] [ssl:warn] [pid 27688:tid 628] AH01909: www.example.com:443:0 server certificate does NOT include an ID which matches the server name
[Mon May 08 15:47:32.707644 2017] [ssl:warn] [pid 27688:tid 628] AH01909: www.example.com:443:0 server certificate does NOT include an ID which matches the server name
PHP Warning:  Module 'openssl' already loaded in Unknown on line 0
[Mon May 08 15:47:33.765394 2017] [mpm_winnt:notice] [pid 27688:tid 628] AH00455: Apache/2.4.23 (Win32) OpenSSL/1.0.2h PHP/7.0.9 configured -- resuming normal operations
[Mon May 08 15:47:33.765394 2017] [mpm_winnt:notice] [pid 27688:tid 628] AH00456: Apache Lounge VC14 Server built: Jul  1 2016 11:09:37
[Mon May 08 15:47:33.765394 2017] [core:notice] [pid 27688:tid 628] AH00094: Command line: 'apache\\bin\\httpd.exe -d D:/pruebas/server/apache -f conf\\httpd.conf'
[Mon May 08 15:47:33.784413 2017] [mpm_winnt:notice] [pid 27688:tid 628] AH00418: Parent: Created child process 31752
[Mon May 08 15:47:34.672641 2017] [ssl:warn] [pid 31752:tid 604] AH01909: www.example.com:443:0 server certificate does NOT include an ID which matches the server name
[Mon May 08 15:47:34.995454 2017] [ssl:warn] [pid 31752:tid 604] AH01909: www.example.com:443:0 server certificate does NOT include an ID which matches the server name
PHP Warning:  Module 'openssl' already loaded in Unknown on line 0
[Mon May 08 15:47:35.161957 2017] [mpm_winnt:notice] [pid 31752:tid 604] AH00354: Child: Starting 150 worker threads.
[Mon May 08 15:55:40.445122 2017] [mpm_winnt:notice] [pid 27688:tid 628] AH00428: Parent: child process 31752 exited with status 3221226356 -- Restarting.
[Mon May 08 15:55:40.680288 2017] [ssl:warn] [pid 27688:tid 628] AH01909: www.example.com:443:0 server certificate does NOT include an ID which matches the server name
PHP Warning:  Module 'openssl' already loaded in Unknown on line 0
[Mon May 08 15:55:40.698302 2017] [mpm_winnt:notice] [pid 27688:tid 628] AH00455: Apache/2.4.23 (Win32) OpenSSL/1.0.2h PHP/7.0.9 configured -- resuming normal operations
[Mon May 08 15:55:40.699304 2017] [mpm_winnt:notice] [pid 27688:tid 628] AH00456: Apache Lounge VC14 Server built: Jul  1 2016 11:09:37
[Mon May 08 15:55:40.699304 2017] [core:notice] [pid 27688:tid 628] AH00094: Command line: 'apache\\bin\\httpd.exe -d D:/pruebas/server/apache -f conf\\httpd.conf'
[Mon May 08 15:55:40.712311 2017] [mpm_winnt:notice] [pid 27688:tid 628] AH00418: Parent: Created child process 9220
[Mon May 08 15:55:41.996030 2017] [ssl:warn] [pid 9220:tid 612] AH01909: www.example.com:443:0 server certificate does NOT include an ID which matches the server name
[Mon May 08 15:55:42.140479 2017] [ssl:warn] [pid 9220:tid 612] AH01909: www.example.com:443:0 server certificate does NOT include an ID which matches the server name
PHP Warning:  Module 'openssl' already loaded in Unknown on line 0
[Mon May 08 15:55:42.158491 2017] [mpm_winnt:notice] [pid 9220:tid 612] AH00354: Child: Starting 150 worker threads.
[Mon May 08 15:58:15.817738 2017] [mpm_winnt:notice] [pid 27688:tid 628] AH00428: Parent: child process 9220 exited with status 3221226356 -- Restarting.
[Mon May 08 15:58:16.061910 2017] [ssl:warn] [pid 27688:tid 628] AH01909: www.example.com:443:0 server certificate does NOT include an ID which matches the server name
PHP Warning:  Module 'openssl' already loaded in Unknown on line 0
[Mon May 08 15:58:16.078923 2017] [mpm_winnt:notice] [pid 27688:tid 628] AH00455: Apache/2.4.23 (Win32) OpenSSL/1.0.2h PHP/7.0.9 configured -- resuming normal operations
[Mon May 08 15:58:16.078923 2017] [mpm_winnt:notice] [pid 27688:tid 628] AH00456: Apache Lounge VC14 Server built: Jul  1 2016 11:09:37
[Mon May 08 15:58:16.078923 2017] [core:notice] [pid 27688:tid 628] AH00094: Command line: 'apache\\bin\\httpd.exe -d D:/pruebas/server/apache -f conf\\httpd.conf'
[Mon May 08 15:58:16.091931 2017] [mpm_winnt:notice] [pid 27688:tid 628] AH00418: Parent: Created child process 19472
[Mon May 08 15:58:16.826484 2017] [ssl:warn] [pid 19472:tid 580] AH01909: www.example.com:443:0 server certificate does NOT include an ID which matches the server name
[Mon May 08 15:58:16.993601 2017] [ssl:warn] [pid 19472:tid 580] AH01909: www.example.com:443:0 server certificate does NOT include an ID which matches the server name
PHP Warning:  Module 'openssl' already loaded in Unknown on line 0
[Mon May 08 15:58:17.014630 2017] [mpm_winnt:notice] [pid 19472:tid 580] AH00354: Child: Starting 150 worker threads.
zend_mm_heap corrupted
[Mon May 08 15:58:17.376873 2017] [mpm_winnt:notice] [pid 27688:tid 628] AH00428: Parent: child process 19472 exited with status 1 -- Restarting.
[Mon May 08 15:58:17.669080 2017] [ssl:warn] [pid 27688:tid 628] AH01909: www.example.com:443:0 server certificate does NOT include an ID which matches the server name
PHP Warning:  Module 'openssl' already loaded in Unknown on line 0
[Mon May 08 15:58:17.686095 2017] [mpm_winnt:notice] [pid 27688:tid 628] AH00455: Apache/2.4.23 (Win32) OpenSSL/1.0.2h PHP/7.0.9 configured -- resuming normal operations
[Mon May 08 15:58:17.686095 2017] [mpm_winnt:notice] [pid 27688:tid 628] AH00456: Apache Lounge VC14 Server built: Jul  1 2016 11:09:37
[Mon May 08 15:58:17.686095 2017] [core:notice] [pid 27688:tid 628] AH00094: Command line: 'apache\\bin\\httpd.exe -d D:/pruebas/server/apache -f conf\\httpd.conf'
[Mon May 08 15:58:17.697102 2017] [mpm_winnt:notice] [pid 27688:tid 628] AH00418: Parent: Created child process 26176
[Mon May 08 15:58:18.451637 2017] [ssl:warn] [pid 26176:tid 584] AH01909: www.example.com:443:0 server certificate does NOT include an ID which matches the server name
[Mon May 08 15:58:18.621755 2017] [ssl:warn] [pid 26176:tid 584] AH01909: www.example.com:443:0 server certificate does NOT include an ID which matches the server name
PHP Warning:  Module 'openssl' already loaded in Unknown on line 0
[Mon May 08 15:58:18.641771 2017] [mpm_winnt:notice] [pid 26176:tid 584] AH00354: Child: Starting 150 worker threads.
[Mon May 08 15:58:30.548305 2017] [mpm_winnt:notice] [pid 27688:tid 628] AH00428: Parent: child process 26176 exited with status 3221226356 -- Restarting.
[Mon May 08 15:58:30.811491 2017] [ssl:warn] [pid 27688:tid 628] AH01909: www.example.com:443:0 server certificate does NOT include an ID which matches the server name
PHP Warning:  Module 'openssl' already loaded in Unknown on line 0
[Mon May 08 15:58:30.827516 2017] [mpm_winnt:notice] [pid 27688:tid 628] AH00455: Apache/2.4.23 (Win32) OpenSSL/1.0.2h PHP/7.0.9 configured -- resuming normal operations
[Mon May 08 15:58:30.827516 2017] [mpm_winnt:notice] [pid 27688:tid 628] AH00456: Apache Lounge VC14 Server built: Jul  1 2016 11:09:37
[Mon May 08 15:58:30.827516 2017] [core:notice] [pid 27688:tid 628] AH00094: Command line: 'apache\\bin\\httpd.exe -d D:/pruebas/server/apache -f conf\\httpd.conf'
[Mon May 08 15:58:30.837510 2017] [mpm_winnt:notice] [pid 27688:tid 628] AH00418: Parent: Created child process 31196
[Mon May 08 15:58:32.300997 2017] [ssl:warn] [pid 31196:tid 700] AH01909: www.example.com:443:0 server certificate does NOT include an ID which matches the server name
[Mon May 08 15:58:32.842905 2017] [ssl:warn] [pid 31196:tid 700] AH01909: www.example.com:443:0 server certificate does NOT include an ID which matches the server name
PHP Warning:  Module 'openssl' already loaded in Unknown on line 0
[Mon May 08 15:58:32.863921 2017] [mpm_winnt:notice] [pid 31196:tid 700] AH00354: Child: Starting 150 worker threads.
zend_mm_heap corrupted
[Mon May 08 15:58:47.600863 2017] [mpm_winnt:notice] [pid 27688:tid 628] AH00428: Parent: child process 31196 exited with status 1 -- Restarting.
[Mon May 08 15:58:47.901073 2017] [ssl:warn] [pid 27688:tid 628] AH01909: www.example.com:443:0 server certificate does NOT include an ID which matches the server name
PHP Warning:  Module 'openssl' already loaded in Unknown on line 0
[Mon May 08 15:58:47.918086 2017] [mpm_winnt:notice] [pid 27688:tid 628] AH00455: Apache/2.4.23 (Win32) OpenSSL/1.0.2h PHP/7.0.9 configured -- resuming normal operations
[Mon May 08 15:58:47.918086 2017] [mpm_winnt:notice] [pid 27688:tid 628] AH00456: Apache Lounge VC14 Server built: Jul  1 2016 11:09:37
[Mon May 08 15:58:47.918086 2017] [core:notice] [pid 27688:tid 628] AH00094: Command line: 'apache\\bin\\httpd.exe -d D:/pruebas/server/apache -f conf\\httpd.conf'
[Mon May 08 15:58:47.931097 2017] [mpm_winnt:notice] [pid 27688:tid 628] AH00418: Parent: Created child process 26020
[Mon May 08 15:58:49.172977 2017] [ssl:warn] [pid 26020:tid 676] AH01909: www.example.com:443:0 server certificate does NOT include an ID which matches the server name
[Mon May 08 15:58:49.693863 2017] [ssl:warn] [pid 26020:tid 676] AH01909: www.example.com:443:0 server certificate does NOT include an ID which matches the server name
PHP Warning:  Module 'openssl' already loaded in Unknown on line 0
[Mon May 08 15:58:49.715878 2017] [mpm_winnt:notice] [pid 26020:tid 676] AH00354: Child: Starting 150 worker threads.
[Mon May 08 15:59:06.405531 2017] [mpm_winnt:notice] [pid 27688:tid 628] AH00422: Parent: Received shutdown signal -- Shutting down the server.
[Mon May 08 15:59:08.407426 2017] [mpm_winnt:notice] [pid 26020:tid 676] AH00364: Child: All worker threads have exited.
[Mon May 08 15:59:09.743301 2017] [mpm_winnt:notice] [pid 27688:tid 628] AH00430: Parent: Child process 26020 exited successfully.
[Mon May 08 16:05:02.051662 2017] [ssl:warn] [pid 30700:tid 644] AH01909: www.example.com:443:0 server certificate does NOT include an ID which matches the server name
[Mon May 08 16:05:02.655078 2017] [ssl:warn] [pid 30700:tid 644] AH01909: www.example.com:443:0 server certificate does NOT include an ID which matches the server name
PHP Warning:  Module 'openssl' already loaded in Unknown on line 0
[Mon May 08 16:05:02.676091 2017] [mpm_winnt:notice] [pid 30700:tid 644] AH00455: Apache/2.4.23 (Win32) OpenSSL/1.0.2h PHP/7.0.9 configured -- resuming normal operations
[Mon May 08 16:05:02.676091 2017] [mpm_winnt:notice] [pid 30700:tid 644] AH00456: Apache Lounge VC14 Server built: Jul  1 2016 11:09:37
[Mon May 08 16:05:02.676091 2017] [core:notice] [pid 30700:tid 644] AH00094: Command line: 'apache\\bin\\httpd.exe -d D:/pruebas/server/apache -f conf\\httpd.conf'
[Mon May 08 16:05:02.686099 2017] [mpm_winnt:notice] [pid 30700:tid 644] AH00418: Parent: Created child process 19308
Apache server shutdown initiated...
sl:warn] [pid 19308:tid 668] AH01909: www.example.com:443:0 server certificate does NOT include an ID which matches the server name
[Mon May 08 16:05:04.606755 2017] [ssl:warn] [pid 19308:tid 668] AH01909: www.example.com:443:0 server certificate does NOT include an ID which matches the server name
PHP Warning:  Module 'openssl' already loaded in Unknown on line 0
[Mon May 08 16:05:04.631772 2017] [mpm_winnt:notice] [pid 19308:tid 668] AH00354: Child: Starting 150 worker threads.
[Mon May 08 16:36:17.438178 2017] [mpm_winnt:notice] [pid 30700:tid 644] AH00422: Parent: Received shutdown signal -- Shutting down the server.
[Mon May 08 16:36:19.441582 2017] [mpm_winnt:notice] [pid 19308:tid 668] AH00364: Child: All worker threads have exited.
[Mon May 08 16:36:19.537314 2017] [mpm_winnt:notice] [pid 30700:tid 644] AH00430: Parent: Child process 19308 exited successfully.
[Mon May 08 16:52:22.400087 2017] [ssl:warn] [pid 27228:tid 660] AH01909: www.example.com:443:0 server certificate does NOT include an ID which matches the server name
[Mon May 08 16:52:23.025935 2017] [ssl:warn] [pid 27228:tid 660] AH01909: www.example.com:443:0 server certificate does NOT include an ID which matches the server name
PHP Warning:  Module 'openssl' already loaded in Unknown on line 0
[Mon May 08 16:52:23.682424 2017] [mpm_winnt:notice] [pid 27228:tid 660] AH00455: Apache/2.4.23 (Win32) OpenSSL/1.0.2h PHP/7.0.9 configured -- resuming normal operations
[Mon May 08 16:52:23.682424 2017] [mpm_winnt:notice] [pid 27228:tid 660] AH00456: Apache Lounge VC14 Server built: Jul  1 2016 11:09:37
[Mon May 08 16:52:23.682424 2017] [core:notice] [pid 27228:tid 660] AH00094: Command line: 'apache\\bin\\httpd.exe -d D:/pruebas/server/apache -f conf\\httpd.conf'
[Mon May 08 16:52:23.692431 2017] [mpm_winnt:notice] [pid 27228:tid 660] AH00418: Parent: Created child process 9220
[Mon May 08 16:52:24.902062 2017] [ssl:warn] [pid 9220:tid 668] AH01909: www.example.com:443:0 server certificate does NOT include an ID which matches the server name
[Mon May 08 16:52:25.498795 2017] [ssl:warn] [pid 9220:tid 668] AH01909: www.example.com:443:0 server certificate does NOT include an ID which matches the server name
PHP Warning:  Module 'openssl' already loaded in Unknown on line 0
[Mon May 08 16:52:25.521829 2017] [mpm_winnt:notice] [pid 9220:tid 668] AH00354: Child: Starting 150 worker threads.
[Mon May 08 16:56:56.706914 2017] [:error] [pid 9220:tid 1960] [client ::1:55667] PHP Fatal error:  Maximum execution time of 30 seconds exceeded in D:\\pruebas\\server\\moodle\\phpMyAdmin\\libraries\\dbi\\DBIMysqli.php on line 257
[Mon May 08 17:13:57.607510 2017] [mpm_winnt:notice] [pid 27228:tid 660] AH00422: Parent: Received shutdown signal -- Shutting down the server.
[Mon May 08 17:13:59.609048 2017] [mpm_winnt:notice] [pid 9220:tid 668] AH00364: Child: All worker threads have exited.
[Mon May 08 17:13:59.798536 2017] [mpm_winnt:notice] [pid 27228:tid 660] AH00430: Parent: Child process 9220 exited successfully.
[Mon May 08 17:14:14.447304 2017] [ssl:warn] [pid 6472:tid 700] AH01909: www.example.com:443:0 server certificate does NOT include an ID which matches the server name
[Mon May 08 17:14:15.063740 2017] [ssl:warn] [pid 6472:tid 700] AH01909: www.example.com:443:0 server certificate does NOT include an ID which matches the server name
PHP Warning:  Module 'openssl' already loaded in Unknown on line 0
[Mon May 08 17:14:15.805145 2017] [mpm_winnt:notice] [pid 6472:tid 700] AH00455: Apache/2.4.23 (Win32) OpenSSL/1.0.2h PHP/7.0.9 configured -- resuming normal operations
[Mon May 08 17:14:15.805145 2017] [mpm_winnt:notice] [pid 6472:tid 700] AH00456: Apache Lounge VC14 Server built: Jul  1 2016 11:09:37
[Mon May 08 17:14:15.805145 2017] [core:notice] [pid 6472:tid 700] AH00094: Command line: 'apache\\bin\\httpd.exe -d D:/pruebas/server/apache -f conf\\httpd.conf'
[Mon May 08 17:14:15.814150 2017] [mpm_winnt:notice] [pid 6472:tid 700] AH00418: Parent: Created child process 28388
Apache server shutdown initiated...
sl:warn] [pid 28388:tid 692] AH01909: www.example.com:443:0 server certificate does NOT include an ID which matches the server name
[Mon May 08 17:14:17.572395 2017] [ssl:warn] [pid 28388:tid 692] AH01909: www.example.com:443:0 server certificate does NOT include an ID which matches the server name
PHP Warning:  Module 'openssl' already loaded in Unknown on line 0
[Mon May 08 17:14:17.661748 2017] [mpm_winnt:notice] [pid 28388:tid 692] AH00354: Child: Starting 150 worker threads.
[Mon May 08 17:28:11.055578 2017] [mpm_winnt:notice] [pid 6472:tid 700] AH00422: Parent: Received shutdown signal -- Shutting down the server.
[Mon May 08 17:28:13.057436 2017] [mpm_winnt:notice] [pid 28388:tid 692] AH00364: Child: All worker threads have exited.
[Mon May 08 17:28:13.114464 2017] [mpm_winnt:notice] [pid 6472:tid 700] AH00430: Parent: Child process 28388 exited successfully.
[Mon May 08 20:01:39.751311 2017] [ssl:warn] [pid 7076:tid 684] AH01909: www.example.com:443:0 server certificate does NOT include an ID which matches the server name
[Mon May 08 20:01:40.371751 2017] [ssl:warn] [pid 7076:tid 684] AH01909: www.example.com:443:0 server certificate does NOT include an ID which matches the server name
PHP Warning:  Module 'openssl' already loaded in Unknown on line 0
[Mon May 08 20:01:40.392766 2017] [mpm_winnt:notice] [pid 7076:tid 684] AH00455: Apache/2.4.23 (Win32) OpenSSL/1.0.2h PHP/7.0.9 configured -- resuming normal operations
[Mon May 08 20:01:40.393767 2017] [mpm_winnt:notice] [pid 7076:tid 684] AH00456: Apache Lounge VC14 Server built: Jul  1 2016 11:09:37
[Mon May 08 20:01:40.393767 2017] [core:notice] [pid 7076:tid 684] AH00094: Command line: 'apache\\bin\\httpd.exe -d D:/pruebas/server/apache -f conf\\httpd.conf'
[Mon May 08 20:01:40.403774 2017] [mpm_winnt:notice] [pid 7076:tid 684] AH00418: Parent: Created child process 32084
[Mon May 08 20:01:41.531573 2017] [ssl:warn] [pid 32084:tid 668] AH01909: www.example.com:443:0 server certificate does NOT include an ID which matches the server name
[Mon May 08 20:01:42.085966 2017] [ssl:warn] [pid 32084:tid 668] AH01909: www.example.com:443:0 server certificate does NOT include an ID which matches the server name
PHP Warning:  Module 'openssl' already loaded in Unknown on line 0
[Mon May 08 20:01:42.110997 2017] [mpm_winnt:notice] [pid 32084:tid 668] AH00354: Child: Starting 150 worker threads.
[Mon May 08 20:17:53.972536 2017] [mpm_winnt:notice] [pid 7076:tid 684] AH00422: Parent: Received shutdown signal -- Shutting down the server.
[Mon May 08 20:17:55.973713 2017] [mpm_winnt:notice] [pid 32084:tid 668] AH00364: Child: All worker threads have exited.
[Mon May 08 20:17:56.030254 2017] [mpm_winnt:notice] [pid 7076:tid 684] AH00430: Parent: Child process 32084 exited successfully.
[Mon May 08 20:18:20.636748 2017] [ssl:warn] [pid 26824:tid 664] AH01909: www.example.com:443:0 server certificate does NOT include an ID which matches the server name
[Mon May 08 20:18:21.226689 2017] [ssl:warn] [pid 26824:tid 664] AH01909: www.example.com:443:0 server certificate does NOT include an ID which matches the server name
PHP Warning:  Module 'openssl' already loaded in Unknown on line 0
[Mon May 08 20:18:21.247703 2017] [mpm_winnt:notice] [pid 26824:tid 664] AH00455: Apache/2.4.23 (Win32) OpenSSL/1.0.2h PHP/7.0.9 configured -- resuming normal operations
[Mon May 08 20:18:21.247703 2017] [mpm_winnt:notice] [pid 26824:tid 664] AH00456: Apache Lounge VC14 Server built: Jul  1 2016 11:09:37
[Mon May 08 20:18:21.247703 2017] [core:notice] [pid 26824:tid 664] AH00094: Command line: 'apache\\bin\\httpd.exe -d D:/pruebas/server/apache -f conf\\httpd.conf'
[Mon May 08 20:18:21.259229 2017] [mpm_winnt:notice] [pid 26824:tid 664] AH00418: Parent: Created child process 32168
Apache server shutdown initiated...
sl:warn] [pid 32168:tid 672] AH01909: www.example.com:443:0 server certificate does NOT include an ID which matches the server name
[Mon May 08 20:18:23.000023 2017] [ssl:warn] [pid 32168:tid 672] AH01909: www.example.com:443:0 server certificate does NOT include an ID which matches the server name
PHP Warning:  Module 'openssl' already loaded in Unknown on line 0
[Mon May 08 20:18:23.027558 2017] [mpm_winnt:notice] [pid 32168:tid 672] AH00354: Child: Starting 150 worker threads.
[Mon May 08 20:24:40.851771 2017] [mpm_winnt:notice] [pid 26824:tid 664] AH00422: Parent: Received shutdown signal -- Shutting down the server.
[Mon May 08 20:24:42.853175 2017] [mpm_winnt:notice] [pid 32168:tid 672] AH00364: Child: All worker threads have exited.
[Mon May 08 20:24:42.891681 2017] [mpm_winnt:notice] [pid 26824:tid 664] AH00430: Parent: Child process 32168 exited successfully.
[Thu May 11 17:39:19.445679 2017] [ssl:warn] [pid 20456:tid 680] AH01909: www.example.com:443:0 server certificate does NOT include an ID which matches the server name
[Thu May 11 17:39:20.259256 2017] [ssl:warn] [pid 20456:tid 680] AH01909: www.example.com:443:0 server certificate does NOT include an ID which matches the server name
PHP Warning:  Module 'openssl' already loaded in Unknown on line 0
[Thu May 11 17:39:26.241513 2017] [mpm_winnt:notice] [pid 20456:tid 680] AH00455: Apache/2.4.23 (Win32) OpenSSL/1.0.2h PHP/7.0.9 configured -- resuming normal operations
[Thu May 11 17:39:26.241513 2017] [mpm_winnt:notice] [pid 20456:tid 680] AH00456: Apache Lounge VC14 Server built: Jul  1 2016 11:09:37
[Thu May 11 17:39:26.241513 2017] [core:notice] [pid 20456:tid 680] AH00094: Command line: 'apache\\bin\\httpd.exe -d D:/pruebas/server/apache -f conf\\httpd.conf'
[Thu May 11 17:39:26.250515 2017] [mpm_winnt:notice] [pid 20456:tid 680] AH00418: Parent: Created child process 6224
Apache server shutdown initiated...
sl:warn] [pid 6224:tid 676] AH01909: www.example.com:443:0 server certificate does NOT include an ID which matches the server name
[Thu May 11 17:39:28.002744 2017] [ssl:warn] [pid 6224:tid 676] AH01909: www.example.com:443:0 server certificate does NOT include an ID which matches the server name
PHP Warning:  Module 'openssl' already loaded in Unknown on line 0
[Thu May 11 17:39:28.060785 2017] [mpm_winnt:notice] [pid 6224:tid 676] AH00354: Child: Starting 150 worker threads.
[Thu May 11 17:58:35.615242 2017] [mpm_winnt:notice] [pid 20456:tid 680] AH00422: Parent: Received shutdown signal -- Shutting down the server.
[Thu May 11 17:58:37.617044 2017] [mpm_winnt:notice] [pid 6224:tid 676] AH00364: Child: All worker threads have exited.
[Thu May 11 17:58:37.677086 2017] [mpm_winnt:notice] [pid 20456:tid 680] AH00430: Parent: Child process 6224 exited successfully.
[Thu May 11 17:59:54.509053 2017] [ssl:warn] [pid 21432:tid 724] AH01909: www.example.com:443:0 server certificate does NOT include an ID which matches the server name
[Thu May 11 17:59:55.127814 2017] [ssl:warn] [pid 21432:tid 724] AH01909: www.example.com:443:0 server certificate does NOT include an ID which matches the server name
PHP Warning:  Module 'openssl' already loaded in Unknown on line 0
[Thu May 11 17:59:55.148831 2017] [mpm_winnt:notice] [pid 21432:tid 724] AH00455: Apache/2.4.23 (Win32) OpenSSL/1.0.2h PHP/7.0.9 configured -- resuming normal operations
[Thu May 11 17:59:55.148831 2017] [mpm_winnt:notice] [pid 21432:tid 724] AH00456: Apache Lounge VC14 Server built: Jul  1 2016 11:09:37
[Thu May 11 17:59:55.148831 2017] [core:notice] [pid 21432:tid 724] AH00094: Command line: 'apache\\bin\\httpd.exe -d D:/pruebas/server/apache -f conf\\httpd.conf'
[Thu May 11 17:59:55.161851 2017] [mpm_winnt:notice] [pid 21432:tid 724] AH00418: Parent: Created child process 23716
[Thu May 11 17:59:56.410724 2017] [ssl:warn] [pid 23716:tid 672] AH01909: www.example.com:443:0 server certificate does NOT include an ID which matches the server name
[Thu May 11 17:59:57.362438 2017] [ssl:warn] [pid 23716:tid 672] AH01909: www.example.com:443:0 server certificate does NOT include an ID which matches the server name
PHP Warning:  Module 'openssl' already loaded in Unknown on line 0
[Thu May 11 17:59:57.387456 2017] [mpm_winnt:notice] [pid 23716:tid 672] AH00354: Child: Starting 150 worker threads.
[Thu May 11 18:01:28.200013 2017] [mpm_winnt:notice] [pid 21432:tid 724] AH00428: Parent: child process 23716 exited with status 3221226356 -- Restarting.
[Thu May 11 18:01:29.420414 2017] [ssl:warn] [pid 21432:tid 724] AH01909: www.example.com:443:0 server certificate does NOT include an ID which matches the server name
PHP Warning:  Module 'openssl' already loaded in Unknown on line 0
[Thu May 11 18:01:29.440929 2017] [mpm_winnt:notice] [pid 21432:tid 724] AH00455: Apache/2.4.23 (Win32) OpenSSL/1.0.2h PHP/7.0.9 configured -- resuming normal operations
[Thu May 11 18:01:29.440929 2017] [mpm_winnt:notice] [pid 21432:tid 724] AH00456: Apache Lounge VC14 Server built: Jul  1 2016 11:09:37
[Thu May 11 18:01:29.440929 2017] [core:notice] [pid 21432:tid 724] AH00094: Command line: 'apache\\bin\\httpd.exe -d D:/pruebas/server/apache -f conf\\httpd.conf'
[Thu May 11 18:01:29.452937 2017] [mpm_winnt:notice] [pid 21432:tid 724] AH00418: Parent: Created child process 28824
[Thu May 11 18:01:30.994608 2017] [ssl:warn] [pid 28824:tid 576] AH01909: www.example.com:443:0 server certificate does NOT include an ID which matches the server name
[Thu May 11 18:01:31.595566 2017] [ssl:warn] [pid 28824:tid 576] AH01909: www.example.com:443:0 server certificate does NOT include an ID which matches the server name
PHP Warning:  Module 'openssl' already loaded in Unknown on line 0
[Thu May 11 18:01:31.617581 2017] [mpm_winnt:notice] [pid 28824:tid 576] AH00354: Child: Starting 150 worker threads.
[Thu May 11 18:15:21.852054 2017] [:error] [pid 28824:tid 1880] [client ::1:61943] PHP Warning:  POST Content-Length of 15881634 bytes exceeds the limit of 8388608 bytes in Unknown on line 0, referer: http://localhost/admin/tool/installaddon/
[Thu May 11 18:17:42.663739 2017] [:error] [pid 28824:tid 1880] [client ::1:62068] PHP Warning:  POST Content-Length of 15881652 bytes exceeds the limit of 8388608 bytes in Unknown on line 0, referer: http://localhost/admin/tool/installaddon/index.php
[Thu May 11 18:33:38.788669 2017] [mpm_winnt:notice] [pid 21432:tid 724] AH00428: Parent: child process 28824 exited with status 3221226356 -- Restarting.
[Thu May 11 18:33:39.914575 2017] [ssl:warn] [pid 21432:tid 724] AH01909: www.example.com:443:0 server certificate does NOT include an ID which matches the server name
PHP Warning:  Module 'openssl' already loaded in Unknown on line 0
[Thu May 11 18:33:39.935592 2017] [mpm_winnt:notice] [pid 21432:tid 724] AH00455: Apache/2.4.23 (Win32) OpenSSL/1.0.2h PHP/7.0.9 configured -- resuming normal operations
[Thu May 11 18:33:39.935592 2017] [mpm_winnt:notice] [pid 21432:tid 724] AH00456: Apache Lounge VC14 Server built: Jul  1 2016 11:09:37
[Thu May 11 18:33:39.935592 2017] [core:notice] [pid 21432:tid 724] AH00094: Command line: 'apache\\bin\\httpd.exe -d D:/pruebas/server/apache -f conf\\httpd.conf'
[Thu May 11 18:33:39.947600 2017] [mpm_winnt:notice] [pid 21432:tid 724] AH00418: Parent: Created child process 28924
[Thu May 11 18:33:41.150702 2017] [ssl:warn] [pid 28924:tid 656] AH01909: www.example.com:443:0 server certificate does NOT include an ID which matches the server name
[Thu May 11 18:33:41.373077 2017] [ssl:warn] [pid 28924:tid 656] AH01909: www.example.com:443:0 server certificate does NOT include an ID which matches the server name
PHP Warning:  Module 'openssl' already loaded in Unknown on line 0
[Thu May 11 18:33:41.389088 2017] [mpm_winnt:notice] [pid 28924:tid 656] AH00354: Child: Starting 150 worker threads.
zend_mm_heap corrupted
[Thu May 11 18:36:40.690558 2017] [mpm_winnt:notice] [pid 21432:tid 724] AH00428: Parent: child process 28924 exited with status 1 -- Restarting.
[Thu May 11 18:36:41.952452 2017] [ssl:warn] [pid 21432:tid 724] AH01909: www.example.com:443:0 server certificate does NOT include an ID which matches the server name
PHP Warning:  Module 'openssl' already loaded in Unknown on line 0
[Thu May 11 18:36:41.975468 2017] [mpm_winnt:notice] [pid 21432:tid 724] AH00455: Apache/2.4.23 (Win32) OpenSSL/1.0.2h PHP/7.0.9 configured -- resuming normal operations
[Thu May 11 18:36:41.975468 2017] [mpm_winnt:notice] [pid 21432:tid 724] AH00456: Apache Lounge VC14 Server built: Jul  1 2016 11:09:37
[Thu May 11 18:36:41.975468 2017] [core:notice] [pid 21432:tid 724] AH00094: Command line: 'apache\\bin\\httpd.exe -d D:/pruebas/server/apache -f conf\\httpd.conf'
[Thu May 11 18:36:41.987478 2017] [mpm_winnt:notice] [pid 21432:tid 724] AH00418: Parent: Created child process 25024
[Thu May 11 18:36:43.067242 2017] [ssl:warn] [pid 25024:tid 556] AH01909: www.example.com:443:0 server certificate does NOT include an ID which matches the server name
[Thu May 11 18:36:43.642186 2017] [ssl:warn] [pid 25024:tid 556] AH01909: www.example.com:443:0 server certificate does NOT include an ID which matches the server name
PHP Warning:  Module 'openssl' already loaded in Unknown on line 0
[Thu May 11 18:36:43.658197 2017] [mpm_winnt:notice] [pid 25024:tid 556] AH00354: Child: Starting 150 worker threads.
[Thu May 11 18:36:48.407434 2017] [mpm_winnt:notice] [pid 21432:tid 724] AH00428: Parent: child process 25024 exited with status 3221226356 -- Restarting.
[Thu May 11 18:36:49.503302 2017] [ssl:warn] [pid 21432:tid 724] AH01909: www.example.com:443:0 server certificate does NOT include an ID which matches the server name
PHP Warning:  Module 'openssl' already loaded in Unknown on line 0
[Thu May 11 18:36:49.522317 2017] [mpm_winnt:notice] [pid 21432:tid 724] AH00455: Apache/2.4.23 (Win32) OpenSSL/1.0.2h PHP/7.0.9 configured -- resuming normal operations
[Thu May 11 18:36:49.522317 2017] [mpm_winnt:notice] [pid 21432:tid 724] AH00456: Apache Lounge VC14 Server built: Jul  1 2016 11:09:37
[Thu May 11 18:36:49.522317 2017] [core:notice] [pid 21432:tid 724] AH00094: Command line: 'apache\\bin\\httpd.exe -d D:/pruebas/server/apache -f conf\\httpd.conf'
[Thu May 11 18:36:49.532323 2017] [mpm_winnt:notice] [pid 21432:tid 724] AH00418: Parent: Created child process 23148
[Thu May 11 18:36:50.624099 2017] [ssl:warn] [pid 23148:tid 596] AH01909: www.example.com:443:0 server certificate does NOT include an ID which matches the server name
[Thu May 11 18:36:50.904821 2017] [ssl:warn] [pid 23148:tid 596] AH01909: www.example.com:443:0 server certificate does NOT include an ID which matches the server name
PHP Warning:  Module 'openssl' already loaded in Unknown on line 0
[Thu May 11 18:36:50.927837 2017] [mpm_winnt:notice] [pid 23148:tid 596] AH00354: Child: Starting 150 worker threads.
[Thu May 11 18:36:58.681171 2017] [mpm_winnt:notice] [pid 21432:tid 724] AH00428: Parent: child process 23148 exited with status 3221226356 -- Restarting.
[Thu May 11 18:36:59.894030 2017] [ssl:warn] [pid 21432:tid 724] AH01909: www.example.com:443:0 server certificate does NOT include an ID which matches the server name
PHP Warning:  Module 'openssl' already loaded in Unknown on line 0
[Thu May 11 18:36:59.912043 2017] [mpm_winnt:notice] [pid 21432:tid 724] AH00455: Apache/2.4.23 (Win32) OpenSSL/1.0.2h PHP/7.0.9 configured -- resuming normal operations
[Thu May 11 18:36:59.912043 2017] [mpm_winnt:notice] [pid 21432:tid 724] AH00456: Apache Lounge VC14 Server built: Jul  1 2016 11:09:37
[Thu May 11 18:36:59.912043 2017] [core:notice] [pid 21432:tid 724] AH00094: Command line: 'apache\\bin\\httpd.exe -d D:/pruebas/server/apache -f conf\\httpd.conf'
[Thu May 11 18:36:59.924052 2017] [mpm_winnt:notice] [pid 21432:tid 724] AH00418: Parent: Created child process 23388
[Thu May 11 18:37:01.186157 2017] [ssl:warn] [pid 23388:tid 588] AH01909: www.example.com:443:0 server certificate does NOT include an ID which matches the server name
[Thu May 11 18:37:01.477514 2017] [ssl:warn] [pid 23388:tid 588] AH01909: www.example.com:443:0 server certificate does NOT include an ID which matches the server name
PHP Warning:  Module 'openssl' already loaded in Unknown on line 0
[Thu May 11 18:37:01.503555 2017] [mpm_winnt:notice] [pid 23388:tid 588] AH00354: Child: Starting 150 worker threads.
[Thu May 11 18:37:16.930119 2017] [mpm_winnt:notice] [pid 21432:tid 724] AH00428: Parent: child process 23388 exited with status 3221226356 -- Restarting.
[Thu May 11 18:37:18.129086 2017] [ssl:warn] [pid 21432:tid 724] AH01909: www.example.com:443:0 server certificate does NOT include an ID which matches the server name
PHP Warning:  Module 'openssl' already loaded in Unknown on line 0
[Thu May 11 18:37:18.150103 2017] [mpm_winnt:notice] [pid 21432:tid 724] AH00455: Apache/2.4.23 (Win32) OpenSSL/1.0.2h PHP/7.0.9 configured -- resuming normal operations
[Thu May 11 18:37:18.150103 2017] [mpm_winnt:notice] [pid 21432:tid 724] AH00456: Apache Lounge VC14 Server built: Jul  1 2016 11:09:37
[Thu May 11 18:37:18.150103 2017] [core:notice] [pid 21432:tid 724] AH00094: Command line: 'apache\\bin\\httpd.exe -d D:/pruebas/server/apache -f conf\\httpd.conf'
[Thu May 11 18:37:18.161110 2017] [mpm_winnt:notice] [pid 21432:tid 724] AH00418: Parent: Created child process 23956
[Thu May 11 18:37:18.941786 2017] [ssl:warn] [pid 23956:tid 564] AH01909: www.example.com:443:0 server certificate does NOT include an ID which matches the server name
[Thu May 11 18:37:19.173288 2017] [ssl:warn] [pid 23956:tid 564] AH01909: www.example.com:443:0 server certificate does NOT include an ID which matches the server name
PHP Warning:  Module 'openssl' already loaded in Unknown on line 0
[Thu May 11 18:37:19.193304 2017] [mpm_winnt:notice] [pid 23956:tid 564] AH00354: Child: Starting 150 worker threads.
[Thu May 11 18:38:46.428407 2017] [mpm_winnt:notice] [pid 21432:tid 724] AH00428: Parent: child process 23956 exited with status 3221226356 -- Restarting.
[Thu May 11 18:38:47.771712 2017] [ssl:warn] [pid 21432:tid 724] AH01909: www.example.com:443:0 server certificate does NOT include an ID which matches the server name
PHP Warning:  Module 'openssl' already loaded in Unknown on line 0
[Thu May 11 18:38:47.791727 2017] [mpm_winnt:notice] [pid 21432:tid 724] AH00455: Apache/2.4.23 (Win32) OpenSSL/1.0.2h PHP/7.0.9 configured -- resuming normal operations
[Thu May 11 18:38:47.791727 2017] [mpm_winnt:notice] [pid 21432:tid 724] AH00456: Apache Lounge VC14 Server built: Jul  1 2016 11:09:37
[Thu May 11 18:38:47.791727 2017] [core:notice] [pid 21432:tid 724] AH00094: Command line: 'apache\\bin\\httpd.exe -d D:/pruebas/server/apache -f conf\\httpd.conf'
[Thu May 11 18:38:47.801733 2017] [mpm_winnt:notice] [pid 21432:tid 724] AH00418: Parent: Created child process 24616
[Thu May 11 18:38:48.871467 2017] [ssl:warn] [pid 24616:tid 552] AH01909: www.example.com:443:0 server certificate does NOT include an ID which matches the server name
[Thu May 11 18:38:49.119630 2017] [ssl:warn] [pid 24616:tid 552] AH01909: www.example.com:443:0 server certificate does NOT include an ID which matches the server name
PHP Warning:  Module 'openssl' already loaded in Unknown on line 0
[Thu May 11 18:38:49.138643 2017] [mpm_winnt:notice] [pid 24616:tid 552] AH00354: Child: Starting 150 worker threads.
[Thu May 11 18:39:14.327569 2017] [mpm_winnt:notice] [pid 21432:tid 724] AH00428: Parent: child process 24616 exited with status 3221226356 -- Restarting.
[Thu May 11 18:39:15.569338 2017] [ssl:warn] [pid 21432:tid 724] AH01909: www.example.com:443:0 server certificate does NOT include an ID which matches the server name
PHP Warning:  Module 'openssl' already loaded in Unknown on line 0
[Thu May 11 18:39:15.590355 2017] [mpm_winnt:notice] [pid 21432:tid 724] AH00455: Apache/2.4.23 (Win32) OpenSSL/1.0.2h PHP/7.0.9 configured -- resuming normal operations
[Thu May 11 18:39:15.590355 2017] [mpm_winnt:notice] [pid 21432:tid 724] AH00456: Apache Lounge VC14 Server built: Jul  1 2016 11:09:37
[Thu May 11 18:39:15.590355 2017] [core:notice] [pid 21432:tid 724] AH00094: Command line: 'apache\\bin\\httpd.exe -d D:/pruebas/server/apache -f conf\\httpd.conf'
[Thu May 11 18:39:15.599362 2017] [mpm_winnt:notice] [pid 21432:tid 724] AH00418: Parent: Created child process 7040
[Thu May 11 18:39:16.549077 2017] [ssl:warn] [pid 7040:tid 560] AH01909: www.example.com:443:0 server certificate does NOT include an ID which matches the server name
[Thu May 11 18:39:16.790262 2017] [ssl:warn] [pid 7040:tid 560] AH01909: www.example.com:443:0 server certificate does NOT include an ID which matches the server name
PHP Warning:  Module 'openssl' already loaded in Unknown on line 0
[Thu May 11 18:39:16.807274 2017] [mpm_winnt:notice] [pid 7040:tid 560] AH00354: Child: Starting 150 worker threads.
[Thu May 11 18:39:20.774235 2017] [mpm_winnt:notice] [pid 21432:tid 724] AH00428: Parent: child process 7040 exited with status 3221226356 -- Restarting.
[Thu May 11 18:39:21.795958 2017] [ssl:warn] [pid 21432:tid 724] AH01909: www.example.com:443:0 server certificate does NOT include an ID which matches the server name
PHP Warning:  Module 'openssl' already loaded in Unknown on line 0
[Thu May 11 18:39:21.817986 2017] [mpm_winnt:notice] [pid 21432:tid 724] AH00455: Apache/2.4.23 (Win32) OpenSSL/1.0.2h PHP/7.0.9 configured -- resuming normal operations
[Thu May 11 18:39:21.817986 2017] [mpm_winnt:notice] [pid 21432:tid 724] AH00456: Apache Lounge VC14 Server built: Jul  1 2016 11:09:37
[Thu May 11 18:39:21.817986 2017] [core:notice] [pid 21432:tid 724] AH00094: Command line: 'apache\\bin\\httpd.exe -d D:/pruebas/server/apache -f conf\\httpd.conf'
[Thu May 11 18:39:21.826980 2017] [mpm_winnt:notice] [pid 21432:tid 724] AH00418: Parent: Created child process 10564
[Thu May 11 18:39:22.747379 2017] [ssl:warn] [pid 10564:tid 552] AH01909: www.example.com:443:0 server certificate does NOT include an ID which matches the server name
[Thu May 11 18:39:22.915812 2017] [ssl:warn] [pid 10564:tid 552] AH01909: www.example.com:443:0 server certificate does NOT include an ID which matches the server name
PHP Warning:  Module 'openssl' already loaded in Unknown on line 0
[Thu May 11 18:39:22.932824 2017] [mpm_winnt:notice] [pid 10564:tid 552] AH00354: Child: Starting 150 worker threads.
zend_mm_heap corrupted
[Thu May 11 18:39:24.330503 2017] [mpm_winnt:notice] [pid 21432:tid 724] AH00428: Parent: child process 10564 exited with status 1 -- Restarting.
[Thu May 11 18:39:25.508800 2017] [ssl:warn] [pid 21432:tid 724] AH01909: www.example.com:443:0 server certificate does NOT include an ID which matches the server name
PHP Warning:  Module 'openssl' already loaded in Unknown on line 0
[Thu May 11 18:39:25.527815 2017] [mpm_winnt:notice] [pid 21432:tid 724] AH00455: Apache/2.4.23 (Win32) OpenSSL/1.0.2h PHP/7.0.9 configured -- resuming normal operations
[Thu May 11 18:39:25.527815 2017] [mpm_winnt:notice] [pid 21432:tid 724] AH00456: Apache Lounge VC14 Server built: Jul  1 2016 11:09:37
[Thu May 11 18:39:25.527815 2017] [core:notice] [pid 21432:tid 724] AH00094: Command line: 'apache\\bin\\httpd.exe -d D:/pruebas/server/apache -f conf\\httpd.conf'
[Thu May 11 18:39:25.537821 2017] [mpm_winnt:notice] [pid 21432:tid 724] AH00418: Parent: Created child process 29240
Apache server shutdown initiated...
sl:warn] [pid 29240:tid 632] AH01909: www.example.com:443:0 server certificate does NOT include an ID which matches the server name
[Thu May 11 18:39:26.637662 2017] [ssl:warn] [pid 29240:tid 632] AH01909: www.example.com:443:0 server certificate does NOT include an ID which matches the server name
PHP Warning:  Module 'openssl' already loaded in Unknown on line 0
[Thu May 11 18:39:26.654676 2017] [mpm_winnt:notice] [pid 29240:tid 632] AH00354: Child: Starting 150 worker threads.
[Thu May 11 18:41:42.170930 2017] [mpm_winnt:notice] [pid 21432:tid 724] AH00422: Parent: Received shutdown signal -- Shutting down the server.
[Thu May 11 18:41:44.172489 2017] [mpm_winnt:notice] [pid 29240:tid 632] AH00364: Child: All worker threads have exited.
[Thu May 11 18:41:44.195618 2017] [mpm_winnt:notice] [pid 21432:tid 724] AH00430: Parent: Child process 29240 exited successfully.
[Thu May 11 18:43:23.383804 2017] [ssl:warn] [pid 26272:tid 588] AH01909: www.example.com:443:0 server certificate does NOT include an ID which matches the server name
[Thu May 11 18:43:23.578941 2017] [ssl:warn] [pid 26272:tid 588] AH01909: www.example.com:443:0 server certificate does NOT include an ID which matches the server name
PHP Warning:  Module 'openssl' already loaded in Unknown on line 0
[Thu May 11 18:43:23.599957 2017] [mpm_winnt:notice] [pid 26272:tid 588] AH00455: Apache/2.4.23 (Win32) OpenSSL/1.0.2h PHP/7.0.9 configured -- resuming normal operations
[Thu May 11 18:43:23.599957 2017] [mpm_winnt:notice] [pid 26272:tid 588] AH00456: Apache Lounge VC14 Server built: Jul  1 2016 11:09:37
[Thu May 11 18:43:23.599957 2017] [core:notice] [pid 26272:tid 588] AH00094: Command line: 'apache\\bin\\httpd.exe -d D:/casdschool/server/apache -f conf\\httpd.conf'
[Thu May 11 18:43:23.611964 2017] [mpm_winnt:notice] [pid 26272:tid 588] AH00418: Parent: Created child process 23072
Apache server shutdown initiated...
sl:warn] [pid 23072:tid 600] AH01909: www.example.com:443:0 server certificate does NOT include an ID which matches the server name
[Thu May 11 18:43:24.484944 2017] [ssl:warn] [pid 23072:tid 600] AH01909: www.example.com:443:0 server certificate does NOT include an ID which matches the server name
PHP Warning:  Module 'openssl' already loaded in Unknown on line 0
[Thu May 11 18:43:24.503970 2017] [mpm_winnt:notice] [pid 23072:tid 600] AH00354: Child: Starting 150 worker threads.
[Thu May 11 18:44:03.330433 2017] [mpm_winnt:notice] [pid 26272:tid 588] AH00422: Parent: Received shutdown signal -- Shutting down the server.
[Thu May 11 18:44:05.634712 2017] [mpm_winnt:notice] [pid 23072:tid 600] AH00364: Child: All worker threads have exited.
[Thu May 11 18:44:05.660730 2017] [mpm_winnt:notice] [pid 26272:tid 588] AH00430: Parent: Child process 23072 exited successfully.
