2017-05-08 15:47:32 27728 [Note] InnoDB: Using mutexes to ref count buffer pool pages
2017-05-08 15:47:32 27728 [Note] InnoDB: The InnoDB memory heap is disabled
2017-05-08 15:47:32 27728 [Note] InnoDB: Mutexes and rw_locks use Windows interlocked functions
2017-05-08 15:47:32 27728 [Note] InnoDB: Memory barrier is not used
2017-05-08 15:47:32 27728 [Note] InnoDB: Compressed tables use zlib 1.2.3
2017-05-08 15:47:32 27728 [Note] InnoDB: Using generic crc32 instructions
2017-05-08 15:47:32 27728 [Note] InnoDB: Initializing buffer pool, size = 256.0M
2017-05-08 15:47:32 27728 [Note] InnoDB: Completed initialization of buffer pool
2017-05-08 15:47:32 27728 [Note] InnoDB: Highest supported file format is Barracuda.
2017-05-08 15:47:32 6c50  InnoDB: Operating system error number 3 in a file operation.
InnoDB: The error means the system cannot find the path specified.
InnoDB: If you are installing InnoDB, remember that you must create
InnoDB: directories yourself, InnoDB does not create them.
2017-05-08 15:47:32 27728 [ERROR] InnoDB: Could not find a valid tablespace file for 'phpmyadmin/pma__bookmark'. See http://dev.mysql.com/doc/refman/5.6/en/innodb-troubleshooting-datadict.html for how to resolve the issue.
2017-05-08 15:47:32 27728 [ERROR] InnoDB: Tablespace open failed for '"phpmyadmin"."pma__bookmark"', ignored.
2017-05-08 15:47:32 6c50  InnoDB: Operating system error number 3 in a file operation.
InnoDB: The error means the system cannot find the path specified.
InnoDB: If you are installing InnoDB, remember that you must create
InnoDB: directories yourself, InnoDB does not create them.
2017-05-08 15:47:32 27728 [ERROR] InnoDB: Could not find a valid tablespace file for 'phpmyadmin/pma__central_columns'. See http://dev.mysql.com/doc/refman/5.6/en/innodb-troubleshooting-datadict.html for how to resolve the issue.
2017-05-08 15:47:32 27728 [ERROR] InnoDB: Tablespace open failed for '"phpmyadmin"."pma__central_columns"', ignored.
2017-05-08 15:47:32 6c50  InnoDB: Operating system error number 3 in a file operation.
InnoDB: The error means the system cannot find the path specified.
InnoDB: If you are installing InnoDB, remember that you must create
InnoDB: directories yourself, InnoDB does not create them.
2017-05-08 15:47:32 27728 [ERROR] InnoDB: Could not find a valid tablespace file for 'phpmyadmin/pma__column_info'. See http://dev.mysql.com/doc/refman/5.6/en/innodb-troubleshooting-datadict.html for how to resolve the issue.
2017-05-08 15:47:32 27728 [ERROR] InnoDB: Tablespace open failed for '"phpmyadmin"."pma__column_info"', ignored.
2017-05-08 15:47:32 6c50  InnoDB: Operating system error number 3 in a file operation.
InnoDB: The error means the system cannot find the path specified.
InnoDB: If you are installing InnoDB, remember that you must create
InnoDB: directories yourself, InnoDB does not create them.
2017-05-08 15:47:32 27728 [ERROR] InnoDB: Could not find a valid tablespace file for 'phpmyadmin/pma__designer_settings'. See http://dev.mysql.com/doc/refman/5.6/en/innodb-troubleshooting-datadict.html for how to resolve the issue.
2017-05-08 15:47:32 27728 [ERROR] InnoDB: Tablespace open failed for '"phpmyadmin"."pma__designer_settings"', ignored.
2017-05-08 15:47:32 6c50  InnoDB: Operating system error number 3 in a file operation.
InnoDB: The error means the system cannot find the path specified.
InnoDB: If you are installing InnoDB, remember that you must create
InnoDB: directories yourself, InnoDB does not create them.
2017-05-08 15:47:32 27728 [ERROR] InnoDB: Could not find a valid tablespace file for 'phpmyadmin/pma__export_templates'. See http://dev.mysql.com/doc/refman/5.6/en/innodb-troubleshooting-datadict.html for how to resolve the issue.
2017-05-08 15:47:32 27728 [ERROR] InnoDB: Tablespace open failed for '"phpmyadmin"."pma__export_templates"', ignored.
2017-05-08 15:47:32 6c50  InnoDB: Operating system error number 3 in a file operation.
InnoDB: The error means the system cannot find the path specified.
InnoDB: If you are installing InnoDB, remember that you must create
InnoDB: directories yourself, InnoDB does not create them.
2017-05-08 15:47:32 27728 [ERROR] InnoDB: Could not find a valid tablespace file for 'phpmyadmin/pma__favorite'. See http://dev.mysql.com/doc/refman/5.6/en/innodb-troubleshooting-datadict.html for how to resolve the issue.
2017-05-08 15:47:32 27728 [ERROR] InnoDB: Tablespace open failed for '"phpmyadmin"."pma__favorite"', ignored.
2017-05-08 15:47:32 6c50  InnoDB: Operating system error number 3 in a file operation.
InnoDB: The error means the system cannot find the path specified.
InnoDB: If you are installing InnoDB, remember that you must create
InnoDB: directories yourself, InnoDB does not create them.
2017-05-08 15:47:32 27728 [ERROR] InnoDB: Could not find a valid tablespace file for 'phpmyadmin/pma__history'. See http://dev.mysql.com/doc/refman/5.6/en/innodb-troubleshooting-datadict.html for how to resolve the issue.
2017-05-08 15:47:32 27728 [ERROR] InnoDB: Tablespace open failed for '"phpmyadmin"."pma__history"', ignored.
2017-05-08 15:47:32 6c50  InnoDB: Operating system error number 3 in a file operation.
InnoDB: The error means the system cannot find the path specified.
InnoDB: If you are installing InnoDB, remember that you must create
InnoDB: directories yourself, InnoDB does not create them.
2017-05-08 15:47:32 27728 [ERROR] InnoDB: Could not find a valid tablespace file for 'phpmyadmin/pma__navigationhiding'. See http://dev.mysql.com/doc/refman/5.6/en/innodb-troubleshooting-datadict.html for how to resolve the issue.
2017-05-08 15:47:32 27728 [ERROR] InnoDB: Tablespace open failed for '"phpmyadmin"."pma__navigationhiding"', ignored.
2017-05-08 15:47:32 6c50  InnoDB: Operating system error number 3 in a file operation.
InnoDB: The error means the system cannot find the path specified.
InnoDB: If you are installing InnoDB, remember that you must create
InnoDB: directories yourself, InnoDB does not create them.
2017-05-08 15:47:32 27728 [ERROR] InnoDB: Could not find a valid tablespace file for 'phpmyadmin/pma__pdf_pages'. See http://dev.mysql.com/doc/refman/5.6/en/innodb-troubleshooting-datadict.html for how to resolve the issue.
2017-05-08 15:47:32 27728 [ERROR] InnoDB: Tablespace open failed for '"phpmyadmin"."pma__pdf_pages"', ignored.
2017-05-08 15:47:32 6c50  InnoDB: Operating system error number 3 in a file operation.
InnoDB: The error means the system cannot find the path specified.
InnoDB: If you are installing InnoDB, remember that you must create
InnoDB: directories yourself, InnoDB does not create them.
2017-05-08 15:47:32 27728 [ERROR] InnoDB: Could not find a valid tablespace file for 'phpmyadmin/pma__recent'. See http://dev.mysql.com/doc/refman/5.6/en/innodb-troubleshooting-datadict.html for how to resolve the issue.
2017-05-08 15:47:32 27728 [ERROR] InnoDB: Tablespace open failed for '"phpmyadmin"."pma__recent"', ignored.
2017-05-08 15:47:32 6c50  InnoDB: Operating system error number 3 in a file operation.
InnoDB: The error means the system cannot find the path specified.
InnoDB: If you are installing InnoDB, remember that you must create
InnoDB: directories yourself, InnoDB does not create them.
2017-05-08 15:47:32 27728 [ERROR] InnoDB: Could not find a valid tablespace file for 'phpmyadmin/pma__relation'. See http://dev.mysql.com/doc/refman/5.6/en/innodb-troubleshooting-datadict.html for how to resolve the issue.
2017-05-08 15:47:32 27728 [ERROR] InnoDB: Tablespace open failed for '"phpmyadmin"."pma__relation"', ignored.
2017-05-08 15:47:32 6c50  InnoDB: Operating system error number 3 in a file operation.
InnoDB: The error means the system cannot find the path specified.
InnoDB: If you are installing InnoDB, remember that you must create
InnoDB: directories yourself, InnoDB does not create them.
2017-05-08 15:47:32 27728 [ERROR] InnoDB: Could not find a valid tablespace file for 'phpmyadmin/pma__savedsearches'. See http://dev.mysql.com/doc/refman/5.6/en/innodb-troubleshooting-datadict.html for how to resolve the issue.
2017-05-08 15:47:32 27728 [ERROR] InnoDB: Tablespace open failed for '"phpmyadmin"."pma__savedsearches"', ignored.
2017-05-08 15:47:32 6c50  InnoDB: Operating system error number 3 in a file operation.
InnoDB: The error means the system cannot find the path specified.
InnoDB: If you are installing InnoDB, remember that you must create
InnoDB: directories yourself, InnoDB does not create them.
2017-05-08 15:47:32 27728 [ERROR] InnoDB: Could not find a valid tablespace file for 'phpmyadmin/pma__table_coords'. See http://dev.mysql.com/doc/refman/5.6/en/innodb-troubleshooting-datadict.html for how to resolve the issue.
2017-05-08 15:47:32 27728 [ERROR] InnoDB: Tablespace open failed for '"phpmyadmin"."pma__table_coords"', ignored.
2017-05-08 15:47:32 6c50  InnoDB: Operating system error number 3 in a file operation.
InnoDB: The error means the system cannot find the path specified.
InnoDB: If you are installing InnoDB, remember that you must create
InnoDB: directories yourself, InnoDB does not create them.
2017-05-08 15:47:32 27728 [ERROR] InnoDB: Could not find a valid tablespace file for 'phpmyadmin/pma__table_info'. See http://dev.mysql.com/doc/refman/5.6/en/innodb-troubleshooting-datadict.html for how to resolve the issue.
2017-05-08 15:47:32 27728 [ERROR] InnoDB: Tablespace open failed for '"phpmyadmin"."pma__table_info"', ignored.
2017-05-08 15:47:32 6c50  InnoDB: Operating system error number 3 in a file operation.
InnoDB: The error means the system cannot find the path specified.
InnoDB: If you are installing InnoDB, remember that you must create
InnoDB: directories yourself, InnoDB does not create them.
2017-05-08 15:47:32 27728 [ERROR] InnoDB: Could not find a valid tablespace file for 'phpmyadmin/pma__table_uiprefs'. See http://dev.mysql.com/doc/refman/5.6/en/innodb-troubleshooting-datadict.html for how to resolve the issue.
2017-05-08 15:47:32 27728 [ERROR] InnoDB: Tablespace open failed for '"phpmyadmin"."pma__table_uiprefs"', ignored.
2017-05-08 15:47:32 6c50  InnoDB: Operating system error number 3 in a file operation.
InnoDB: The error means the system cannot find the path specified.
InnoDB: If you are installing InnoDB, remember that you must create
InnoDB: directories yourself, InnoDB does not create them.
2017-05-08 15:47:32 27728 [ERROR] InnoDB: Could not find a valid tablespace file for 'phpmyadmin/pma__tracking'. See http://dev.mysql.com/doc/refman/5.6/en/innodb-troubleshooting-datadict.html for how to resolve the issue.
2017-05-08 15:47:32 27728 [ERROR] InnoDB: Tablespace open failed for '"phpmyadmin"."pma__tracking"', ignored.
2017-05-08 15:47:32 6c50  InnoDB: Operating system error number 3 in a file operation.
InnoDB: The error means the system cannot find the path specified.
InnoDB: If you are installing InnoDB, remember that you must create
InnoDB: directories yourself, InnoDB does not create them.
2017-05-08 15:47:32 27728 [ERROR] InnoDB: Could not find a valid tablespace file for 'phpmyadmin/pma__userconfig'. See http://dev.mysql.com/doc/refman/5.6/en/innodb-troubleshooting-datadict.html for how to resolve the issue.
2017-05-08 15:47:32 27728 [ERROR] InnoDB: Tablespace open failed for '"phpmyadmin"."pma__userconfig"', ignored.
2017-05-08 15:47:32 6c50  InnoDB: Operating system error number 3 in a file operation.
InnoDB: The error means the system cannot find the path specified.
InnoDB: If you are installing InnoDB, remember that you must create
InnoDB: directories yourself, InnoDB does not create them.
2017-05-08 15:47:32 27728 [ERROR] InnoDB: Could not find a valid tablespace file for 'phpmyadmin/pma__usergroups'. See http://dev.mysql.com/doc/refman/5.6/en/innodb-troubleshooting-datadict.html for how to resolve the issue.
2017-05-08 15:47:32 27728 [ERROR] InnoDB: Tablespace open failed for '"phpmyadmin"."pma__usergroups"', ignored.
2017-05-08 15:47:32 6c50  InnoDB: Operating system error number 3 in a file operation.
InnoDB: The error means the system cannot find the path specified.
InnoDB: If you are installing InnoDB, remember that you must create
InnoDB: directories yourself, InnoDB does not create them.
2017-05-08 15:47:32 27728 [ERROR] InnoDB: Could not find a valid tablespace file for 'phpmyadmin/pma__users'. See http://dev.mysql.com/doc/refman/5.6/en/innodb-troubleshooting-datadict.html for how to resolve the issue.
2017-05-08 15:47:32 27728 [ERROR] InnoDB: Tablespace open failed for '"phpmyadmin"."pma__users"', ignored.
2017-05-08 15:47:32 27728 [Warning] InnoDB: Resizing redo log from 2*320 to 2*4096 pages, LSN=1835037
2017-05-08 15:47:32 27728 [Warning] InnoDB: Starting to delete and rewrite log files.
2017-05-08 15:47:32 27728 [Note] InnoDB: Setting log file .\ib_logfile101 size to 64 MB
2017-05-08 15:47:34 27728 [Note] InnoDB: Setting log file .\ib_logfile1 size to 64 MB
2017-05-08 15:47:35 27728 [Note] InnoDB: Renaming log file .\ib_logfile101 to .\ib_logfile0
2017-05-08 15:47:35 27728 [Warning] InnoDB: New log files created, LSN=1835532
2017-05-08 15:47:35 27728 [Note] InnoDB: 128 rollback segment(s) are active.
2017-05-08 15:47:35 27728 [Note] InnoDB: Waiting for purge to start
2017-05-08 15:47:35 27728 [Note] InnoDB:  Percona XtraDB (http://www.percona.com) 5.6.30-76.3 started; log sequence number 1835037
2017-05-08 15:47:35 32120 [Note] InnoDB: Dumping buffer pool(s) not yet started
2017-05-08 15:47:35 27728 [Note] Plugin 'FEEDBACK' is disabled.
2017-05-08 15:47:35 27728 [Note] Server socket created on IP: '::'.
2017-05-08 15:47:36 27728 [Note] mysql\bin\mysqld.exe: ready for connections.
Version: '10.1.16-MariaDB'  socket: ''  port: 3306  mariadb.org binary distribution
2017-05-08 15:59:06 32424 [Note] mysql\bin\mysqld.exe: Normal shutdown

2017-05-08 15:59:06 32424 [Note] Event Scheduler: Purging the queue. 0 events
2017-05-08 15:59:06 31872 [Note] InnoDB: FTS optimize thread exiting.
2017-05-08 15:59:06 32424 [Note] InnoDB: Starting shutdown...
2017-05-08 15:59:08 32424 [Note] InnoDB: Shutdown completed; log sequence number 9059996
2017-05-08 15:59:08 32424 [Note] mysql\bin\mysqld.exe: Shutdown complete

2017-05-08 16:05:00 32044 [Note] InnoDB: Using mutexes to ref count buffer pool pages
2017-05-08 16:05:00 32044 [Note] InnoDB: The InnoDB memory heap is disabled
2017-05-08 16:05:00 32044 [Note] InnoDB: Mutexes and rw_locks use Windows interlocked functions
2017-05-08 16:05:00 32044 [Note] InnoDB: Memory barrier is not used
2017-05-08 16:05:00 32044 [Note] InnoDB: Compressed tables use zlib 1.2.3
2017-05-08 16:05:00 32044 [Note] InnoDB: Using generic crc32 instructions
2017-05-08 16:05:00 32044 [Note] InnoDB: Initializing buffer pool, size = 256.0M
2017-05-08 16:05:00 32044 [Note] InnoDB: Completed initialization of buffer pool
2017-05-08 16:05:00 32044 [Note] InnoDB: Highest supported file format is Barracuda.
2017-05-08 16:05:04 7d2c  InnoDB: Operating system error number 3 in a file operation.
InnoDB: The error means the system cannot find the path specified.
InnoDB: If you are installing InnoDB, remember that you must create
InnoDB: directories yourself, InnoDB does not create them.
2017-05-08 16:05:04 32044 [ERROR] InnoDB: Could not find a valid tablespace file for 'phpmyadmin/pma__bookmark'. See http://dev.mysql.com/doc/refman/5.6/en/innodb-troubleshooting-datadict.html for how to resolve the issue.
2017-05-08 16:05:04 32044 [ERROR] InnoDB: Tablespace open failed for '"phpmyadmin"."pma__bookmark"', ignored.
2017-05-08 16:05:04 7d2c  InnoDB: Operating system error number 3 in a file operation.
InnoDB: The error means the system cannot find the path specified.
InnoDB: If you are installing InnoDB, remember that you must create
InnoDB: directories yourself, InnoDB does not create them.
2017-05-08 16:05:04 32044 [ERROR] InnoDB: Could not find a valid tablespace file for 'phpmyadmin/pma__central_columns'. See http://dev.mysql.com/doc/refman/5.6/en/innodb-troubleshooting-datadict.html for how to resolve the issue.
2017-05-08 16:05:04 32044 [ERROR] InnoDB: Tablespace open failed for '"phpmyadmin"."pma__central_columns"', ignored.
2017-05-08 16:05:04 7d2c  InnoDB: Operating system error number 3 in a file operation.
InnoDB: The error means the system cannot find the path specified.
InnoDB: If you are installing InnoDB, remember that you must create
InnoDB: directories yourself, InnoDB does not create them.
2017-05-08 16:05:04 32044 [ERROR] InnoDB: Could not find a valid tablespace file for 'phpmyadmin/pma__column_info'. See http://dev.mysql.com/doc/refman/5.6/en/innodb-troubleshooting-datadict.html for how to resolve the issue.
2017-05-08 16:05:04 32044 [ERROR] InnoDB: Tablespace open failed for '"phpmyadmin"."pma__column_info"', ignored.
2017-05-08 16:05:04 7d2c  InnoDB: Operating system error number 3 in a file operation.
InnoDB: The error means the system cannot find the path specified.
InnoDB: If you are installing InnoDB, remember that you must create
InnoDB: directories yourself, InnoDB does not create them.
2017-05-08 16:05:04 32044 [ERROR] InnoDB: Could not find a valid tablespace file for 'phpmyadmin/pma__designer_settings'. See http://dev.mysql.com/doc/refman/5.6/en/innodb-troubleshooting-datadict.html for how to resolve the issue.
2017-05-08 16:05:04 32044 [ERROR] InnoDB: Tablespace open failed for '"phpmyadmin"."pma__designer_settings"', ignored.
2017-05-08 16:05:04 7d2c  InnoDB: Operating system error number 3 in a file operation.
InnoDB: The error means the system cannot find the path specified.
InnoDB: If you are installing InnoDB, remember that you must create
InnoDB: directories yourself, InnoDB does not create them.
2017-05-08 16:05:04 32044 [ERROR] InnoDB: Could not find a valid tablespace file for 'phpmyadmin/pma__export_templates'. See http://dev.mysql.com/doc/refman/5.6/en/innodb-troubleshooting-datadict.html for how to resolve the issue.
2017-05-08 16:05:04 32044 [ERROR] InnoDB: Tablespace open failed for '"phpmyadmin"."pma__export_templates"', ignored.
2017-05-08 16:05:04 7d2c  InnoDB: Operating system error number 3 in a file operation.
InnoDB: The error means the system cannot find the path specified.
InnoDB: If you are installing InnoDB, remember that you must create
InnoDB: directories yourself, InnoDB does not create them.
2017-05-08 16:05:04 32044 [ERROR] InnoDB: Could not find a valid tablespace file for 'phpmyadmin/pma__favorite'. See http://dev.mysql.com/doc/refman/5.6/en/innodb-troubleshooting-datadict.html for how to resolve the issue.
2017-05-08 16:05:04 32044 [ERROR] InnoDB: Tablespace open failed for '"phpmyadmin"."pma__favorite"', ignored.
2017-05-08 16:05:04 7d2c  InnoDB: Operating system error number 3 in a file operation.
InnoDB: The error means the system cannot find the path specified.
InnoDB: If you are installing InnoDB, remember that you must create
InnoDB: directories yourself, InnoDB does not create them.
2017-05-08 16:05:04 32044 [ERROR] InnoDB: Could not find a valid tablespace file for 'phpmyadmin/pma__history'. See http://dev.mysql.com/doc/refman/5.6/en/innodb-troubleshooting-datadict.html for how to resolve the issue.
2017-05-08 16:05:04 32044 [ERROR] InnoDB: Tablespace open failed for '"phpmyadmin"."pma__history"', ignored.
2017-05-08 16:05:04 7d2c  InnoDB: Operating system error number 3 in a file operation.
InnoDB: The error means the system cannot find the path specified.
InnoDB: If you are installing InnoDB, remember that you must create
InnoDB: directories yourself, InnoDB does not create them.
2017-05-08 16:05:04 32044 [ERROR] InnoDB: Could not find a valid tablespace file for 'phpmyadmin/pma__navigationhiding'. See http://dev.mysql.com/doc/refman/5.6/en/innodb-troubleshooting-datadict.html for how to resolve the issue.
2017-05-08 16:05:04 32044 [ERROR] InnoDB: Tablespace open failed for '"phpmyadmin"."pma__navigationhiding"', ignored.
2017-05-08 16:05:04 7d2c  InnoDB: Operating system error number 3 in a file operation.
InnoDB: The error means the system cannot find the path specified.
InnoDB: If you are installing InnoDB, remember that you must create
InnoDB: directories yourself, InnoDB does not create them.
2017-05-08 16:05:04 32044 [ERROR] InnoDB: Could not find a valid tablespace file for 'phpmyadmin/pma__pdf_pages'. See http://dev.mysql.com/doc/refman/5.6/en/innodb-troubleshooting-datadict.html for how to resolve the issue.
2017-05-08 16:05:04 32044 [ERROR] InnoDB: Tablespace open failed for '"phpmyadmin"."pma__pdf_pages"', ignored.
2017-05-08 16:05:04 7d2c  InnoDB: Operating system error number 3 in a file operation.
InnoDB: The error means the system cannot find the path specified.
InnoDB: If you are installing InnoDB, remember that you must create
InnoDB: directories yourself, InnoDB does not create them.
2017-05-08 16:05:04 32044 [ERROR] InnoDB: Could not find a valid tablespace file for 'phpmyadmin/pma__recent'. See http://dev.mysql.com/doc/refman/5.6/en/innodb-troubleshooting-datadict.html for how to resolve the issue.
2017-05-08 16:05:04 32044 [ERROR] InnoDB: Tablespace open failed for '"phpmyadmin"."pma__recent"', ignored.
2017-05-08 16:05:04 7d2c  InnoDB: Operating system error number 3 in a file operation.
InnoDB: The error means the system cannot find the path specified.
InnoDB: If you are installing InnoDB, remember that you must create
InnoDB: directories yourself, InnoDB does not create them.
2017-05-08 16:05:04 32044 [ERROR] InnoDB: Could not find a valid tablespace file for 'phpmyadmin/pma__relation'. See http://dev.mysql.com/doc/refman/5.6/en/innodb-troubleshooting-datadict.html for how to resolve the issue.
2017-05-08 16:05:04 32044 [ERROR] InnoDB: Tablespace open failed for '"phpmyadmin"."pma__relation"', ignored.
2017-05-08 16:05:04 7d2c  InnoDB: Operating system error number 3 in a file operation.
InnoDB: The error means the system cannot find the path specified.
InnoDB: If you are installing InnoDB, remember that you must create
InnoDB: directories yourself, InnoDB does not create them.
2017-05-08 16:05:04 32044 [ERROR] InnoDB: Could not find a valid tablespace file for 'phpmyadmin/pma__savedsearches'. See http://dev.mysql.com/doc/refman/5.6/en/innodb-troubleshooting-datadict.html for how to resolve the issue.
2017-05-08 16:05:04 32044 [ERROR] InnoDB: Tablespace open failed for '"phpmyadmin"."pma__savedsearches"', ignored.
2017-05-08 16:05:04 7d2c  InnoDB: Operating system error number 3 in a file operation.
InnoDB: The error means the system cannot find the path specified.
InnoDB: If you are installing InnoDB, remember that you must create
InnoDB: directories yourself, InnoDB does not create them.
2017-05-08 16:05:04 32044 [ERROR] InnoDB: Could not find a valid tablespace file for 'phpmyadmin/pma__table_coords'. See http://dev.mysql.com/doc/refman/5.6/en/innodb-troubleshooting-datadict.html for how to resolve the issue.
2017-05-08 16:05:04 32044 [ERROR] InnoDB: Tablespace open failed for '"phpmyadmin"."pma__table_coords"', ignored.
2017-05-08 16:05:04 7d2c  InnoDB: Operating system error number 3 in a file operation.
InnoDB: The error means the system cannot find the path specified.
InnoDB: If you are installing InnoDB, remember that you must create
InnoDB: directories yourself, InnoDB does not create them.
2017-05-08 16:05:04 32044 [ERROR] InnoDB: Could not find a valid tablespace file for 'phpmyadmin/pma__table_info'. See http://dev.mysql.com/doc/refman/5.6/en/innodb-troubleshooting-datadict.html for how to resolve the issue.
2017-05-08 16:05:04 32044 [ERROR] InnoDB: Tablespace open failed for '"phpmyadmin"."pma__table_info"', ignored.
2017-05-08 16:05:04 7d2c  InnoDB: Operating system error number 3 in a file operation.
InnoDB: The error means the system cannot find the path specified.
InnoDB: If you are installing InnoDB, remember that you must create
InnoDB: directories yourself, InnoDB does not create them.
2017-05-08 16:05:04 32044 [ERROR] InnoDB: Could not find a valid tablespace file for 'phpmyadmin/pma__table_uiprefs'. See http://dev.mysql.com/doc/refman/5.6/en/innodb-troubleshooting-datadict.html for how to resolve the issue.
2017-05-08 16:05:04 32044 [ERROR] InnoDB: Tablespace open failed for '"phpmyadmin"."pma__table_uiprefs"', ignored.
2017-05-08 16:05:04 7d2c  InnoDB: Operating system error number 3 in a file operation.
InnoDB: The error means the system cannot find the path specified.
InnoDB: If you are installing InnoDB, remember that you must create
InnoDB: directories yourself, InnoDB does not create them.
2017-05-08 16:05:04 32044 [ERROR] InnoDB: Could not find a valid tablespace file for 'phpmyadmin/pma__tracking'. See http://dev.mysql.com/doc/refman/5.6/en/innodb-troubleshooting-datadict.html for how to resolve the issue.
2017-05-08 16:05:04 32044 [ERROR] InnoDB: Tablespace open failed for '"phpmyadmin"."pma__tracking"', ignored.
2017-05-08 16:05:04 7d2c  InnoDB: Operating system error number 3 in a file operation.
InnoDB: The error means the system cannot find the path specified.
InnoDB: If you are installing InnoDB, remember that you must create
InnoDB: directories yourself, InnoDB does not create them.
2017-05-08 16:05:04 32044 [ERROR] InnoDB: Could not find a valid tablespace file for 'phpmyadmin/pma__userconfig'. See http://dev.mysql.com/doc/refman/5.6/en/innodb-troubleshooting-datadict.html for how to resolve the issue.
2017-05-08 16:05:04 32044 [ERROR] InnoDB: Tablespace open failed for '"phpmyadmin"."pma__userconfig"', ignored.
2017-05-08 16:05:04 7d2c  InnoDB: Operating system error number 3 in a file operation.
InnoDB: The error means the system cannot find the path specified.
InnoDB: If you are installing InnoDB, remember that you must create
InnoDB: directories yourself, InnoDB does not create them.
2017-05-08 16:05:04 32044 [ERROR] InnoDB: Could not find a valid tablespace file for 'phpmyadmin/pma__usergroups'. See http://dev.mysql.com/doc/refman/5.6/en/innodb-troubleshooting-datadict.html for how to resolve the issue.
2017-05-08 16:05:04 32044 [ERROR] InnoDB: Tablespace open failed for '"phpmyadmin"."pma__usergroups"', ignored.
2017-05-08 16:05:04 7d2c  InnoDB: Operating system error number 3 in a file operation.
InnoDB: The error means the system cannot find the path specified.
InnoDB: If you are installing InnoDB, remember that you must create
InnoDB: directories yourself, InnoDB does not create them.
2017-05-08 16:05:04 32044 [ERROR] InnoDB: Could not find a valid tablespace file for 'phpmyadmin/pma__users'. See http://dev.mysql.com/doc/refman/5.6/en/innodb-troubleshooting-datadict.html for how to resolve the issue.
2017-05-08 16:05:04 32044 [ERROR] InnoDB: Tablespace open failed for '"phpmyadmin"."pma__users"', ignored.
2017-05-08 16:05:04 32044 [Note] InnoDB: 128 rollback segment(s) are active.
2017-05-08 16:05:04 32044 [Note] InnoDB: Waiting for purge to start
2017-05-08 16:05:04 32044 [Note] InnoDB:  Percona XtraDB (http://www.percona.com) 5.6.30-76.3 started; log sequence number 9059996
2017-05-08 16:05:05 26728 [Note] InnoDB: Dumping buffer pool(s) not yet started
2017-05-08 16:05:05 32044 [Note] Plugin 'FEEDBACK' is disabled.
2017-05-08 16:05:05 32044 [Note] Server socket created on IP: '::'.
2017-05-08 16:05:05 32044 [Note] mysql\bin\mysqld.exe: ready for connections.
Version: '10.1.16-MariaDB'  socket: ''  port: 3306  mariadb.org binary distribution
2017-05-08 16:51:46 22620 [Note] mysql\bin\mysqld.exe: Normal shutdown

2017-05-08 16:51:46 22620 [Note] Event Scheduler: Purging the queue. 0 events
2017-05-08 16:51:46 21844 [Note] InnoDB: FTS optimize thread exiting.
2017-05-08 16:51:46 22620 [Note] InnoDB: Starting shutdown...
2017-05-08 16:51:48 22620 [Note] InnoDB: Shutdown completed; log sequence number 9060016
2017-05-08 16:51:48 22620 [Note] mysql\bin\mysqld.exe: Shutdown complete

2017-05-08 16:52:19 29932 [Note] InnoDB: Using mutexes to ref count buffer pool pages
2017-05-08 16:52:19 29932 [Note] InnoDB: The InnoDB memory heap is disabled
2017-05-08 16:52:19 29932 [Note] InnoDB: Mutexes and rw_locks use Windows interlocked functions
2017-05-08 16:52:19 29932 [Note] InnoDB: Memory barrier is not used
2017-05-08 16:52:19 29932 [Note] InnoDB: Compressed tables use zlib 1.2.3
2017-05-08 16:52:19 29932 [Note] InnoDB: Using generic crc32 instructions
2017-05-08 16:52:19 29932 [Note] InnoDB: Initializing buffer pool, size = 256.0M
2017-05-08 16:52:19 29932 [Note] InnoDB: Completed initialization of buffer pool
2017-05-08 16:52:21 29932 [Note] InnoDB: Highest supported file format is Barracuda.
2017-05-08 16:52:25 74ec  InnoDB: Operating system error number 3 in a file operation.
InnoDB: The error means the system cannot find the path specified.
InnoDB: If you are installing InnoDB, remember that you must create
InnoDB: directories yourself, InnoDB does not create them.
2017-05-08 16:52:25 29932 [ERROR] InnoDB: Could not find a valid tablespace file for 'phpmyadmin/pma__bookmark'. See http://dev.mysql.com/doc/refman/5.6/en/innodb-troubleshooting-datadict.html for how to resolve the issue.
2017-05-08 16:52:25 29932 [ERROR] InnoDB: Tablespace open failed for '"phpmyadmin"."pma__bookmark"', ignored.
2017-05-08 16:52:25 74ec  InnoDB: Operating system error number 3 in a file operation.
InnoDB: The error means the system cannot find the path specified.
InnoDB: If you are installing InnoDB, remember that you must create
InnoDB: directories yourself, InnoDB does not create them.
2017-05-08 16:52:25 29932 [ERROR] InnoDB: Could not find a valid tablespace file for 'phpmyadmin/pma__central_columns'. See http://dev.mysql.com/doc/refman/5.6/en/innodb-troubleshooting-datadict.html for how to resolve the issue.
2017-05-08 16:52:25 29932 [ERROR] InnoDB: Tablespace open failed for '"phpmyadmin"."pma__central_columns"', ignored.
2017-05-08 16:52:25 74ec  InnoDB: Operating system error number 3 in a file operation.
InnoDB: The error means the system cannot find the path specified.
InnoDB: If you are installing InnoDB, remember that you must create
InnoDB: directories yourself, InnoDB does not create them.
2017-05-08 16:52:25 29932 [ERROR] InnoDB: Could not find a valid tablespace file for 'phpmyadmin/pma__column_info'. See http://dev.mysql.com/doc/refman/5.6/en/innodb-troubleshooting-datadict.html for how to resolve the issue.
2017-05-08 16:52:25 29932 [ERROR] InnoDB: Tablespace open failed for '"phpmyadmin"."pma__column_info"', ignored.
2017-05-08 16:52:25 74ec  InnoDB: Operating system error number 3 in a file operation.
InnoDB: The error means the system cannot find the path specified.
InnoDB: If you are installing InnoDB, remember that you must create
InnoDB: directories yourself, InnoDB does not create them.
2017-05-08 16:52:25 29932 [ERROR] InnoDB: Could not find a valid tablespace file for 'phpmyadmin/pma__designer_settings'. See http://dev.mysql.com/doc/refman/5.6/en/innodb-troubleshooting-datadict.html for how to resolve the issue.
2017-05-08 16:52:25 29932 [ERROR] InnoDB: Tablespace open failed for '"phpmyadmin"."pma__designer_settings"', ignored.
2017-05-08 16:52:25 74ec  InnoDB: Operating system error number 3 in a file operation.
InnoDB: The error means the system cannot find the path specified.
InnoDB: If you are installing InnoDB, remember that you must create
InnoDB: directories yourself, InnoDB does not create them.
2017-05-08 16:52:25 29932 [ERROR] InnoDB: Could not find a valid tablespace file for 'phpmyadmin/pma__export_templates'. See http://dev.mysql.com/doc/refman/5.6/en/innodb-troubleshooting-datadict.html for how to resolve the issue.
2017-05-08 16:52:25 29932 [ERROR] InnoDB: Tablespace open failed for '"phpmyadmin"."pma__export_templates"', ignored.
2017-05-08 16:52:25 74ec  InnoDB: Operating system error number 3 in a file operation.
InnoDB: The error means the system cannot find the path specified.
InnoDB: If you are installing InnoDB, remember that you must create
InnoDB: directories yourself, InnoDB does not create them.
2017-05-08 16:52:25 29932 [ERROR] InnoDB: Could not find a valid tablespace file for 'phpmyadmin/pma__favorite'. See http://dev.mysql.com/doc/refman/5.6/en/innodb-troubleshooting-datadict.html for how to resolve the issue.
2017-05-08 16:52:25 29932 [ERROR] InnoDB: Tablespace open failed for '"phpmyadmin"."pma__favorite"', ignored.
2017-05-08 16:52:25 74ec  InnoDB: Operating system error number 3 in a file operation.
InnoDB: The error means the system cannot find the path specified.
InnoDB: If you are installing InnoDB, remember that you must create
InnoDB: directories yourself, InnoDB does not create them.
2017-05-08 16:52:25 29932 [ERROR] InnoDB: Could not find a valid tablespace file for 'phpmyadmin/pma__history'. See http://dev.mysql.com/doc/refman/5.6/en/innodb-troubleshooting-datadict.html for how to resolve the issue.
2017-05-08 16:52:25 29932 [ERROR] InnoDB: Tablespace open failed for '"phpmyadmin"."pma__history"', ignored.
2017-05-08 16:52:25 74ec  InnoDB: Operating system error number 3 in a file operation.
InnoDB: The error means the system cannot find the path specified.
InnoDB: If you are installing InnoDB, remember that you must create
InnoDB: directories yourself, InnoDB does not create them.
2017-05-08 16:52:25 29932 [ERROR] InnoDB: Could not find a valid tablespace file for 'phpmyadmin/pma__navigationhiding'. See http://dev.mysql.com/doc/refman/5.6/en/innodb-troubleshooting-datadict.html for how to resolve the issue.
2017-05-08 16:52:25 29932 [ERROR] InnoDB: Tablespace open failed for '"phpmyadmin"."pma__navigationhiding"', ignored.
2017-05-08 16:52:25 74ec  InnoDB: Operating system error number 3 in a file operation.
InnoDB: The error means the system cannot find the path specified.
InnoDB: If you are installing InnoDB, remember that you must create
InnoDB: directories yourself, InnoDB does not create them.
2017-05-08 16:52:25 29932 [ERROR] InnoDB: Could not find a valid tablespace file for 'phpmyadmin/pma__pdf_pages'. See http://dev.mysql.com/doc/refman/5.6/en/innodb-troubleshooting-datadict.html for how to resolve the issue.
2017-05-08 16:52:25 29932 [ERROR] InnoDB: Tablespace open failed for '"phpmyadmin"."pma__pdf_pages"', ignored.
2017-05-08 16:52:25 74ec  InnoDB: Operating system error number 3 in a file operation.
InnoDB: The error means the system cannot find the path specified.
InnoDB: If you are installing InnoDB, remember that you must create
InnoDB: directories yourself, InnoDB does not create them.
2017-05-08 16:52:25 29932 [ERROR] InnoDB: Could not find a valid tablespace file for 'phpmyadmin/pma__recent'. See http://dev.mysql.com/doc/refman/5.6/en/innodb-troubleshooting-datadict.html for how to resolve the issue.
2017-05-08 16:52:25 29932 [ERROR] InnoDB: Tablespace open failed for '"phpmyadmin"."pma__recent"', ignored.
2017-05-08 16:52:25 74ec  InnoDB: Operating system error number 3 in a file operation.
InnoDB: The error means the system cannot find the path specified.
InnoDB: If you are installing InnoDB, remember that you must create
InnoDB: directories yourself, InnoDB does not create them.
2017-05-08 16:52:25 29932 [ERROR] InnoDB: Could not find a valid tablespace file for 'phpmyadmin/pma__relation'. See http://dev.mysql.com/doc/refman/5.6/en/innodb-troubleshooting-datadict.html for how to resolve the issue.
2017-05-08 16:52:25 29932 [ERROR] InnoDB: Tablespace open failed for '"phpmyadmin"."pma__relation"', ignored.
2017-05-08 16:52:25 74ec  InnoDB: Operating system error number 3 in a file operation.
InnoDB: The error means the system cannot find the path specified.
InnoDB: If you are installing InnoDB, remember that you must create
InnoDB: directories yourself, InnoDB does not create them.
2017-05-08 16:52:25 29932 [ERROR] InnoDB: Could not find a valid tablespace file for 'phpmyadmin/pma__savedsearches'. See http://dev.mysql.com/doc/refman/5.6/en/innodb-troubleshooting-datadict.html for how to resolve the issue.
2017-05-08 16:52:25 29932 [ERROR] InnoDB: Tablespace open failed for '"phpmyadmin"."pma__savedsearches"', ignored.
2017-05-08 16:52:25 74ec  InnoDB: Operating system error number 3 in a file operation.
InnoDB: The error means the system cannot find the path specified.
InnoDB: If you are installing InnoDB, remember that you must create
InnoDB: directories yourself, InnoDB does not create them.
2017-05-08 16:52:25 29932 [ERROR] InnoDB: Could not find a valid tablespace file for 'phpmyadmin/pma__table_coords'. See http://dev.mysql.com/doc/refman/5.6/en/innodb-troubleshooting-datadict.html for how to resolve the issue.
2017-05-08 16:52:25 29932 [ERROR] InnoDB: Tablespace open failed for '"phpmyadmin"."pma__table_coords"', ignored.
2017-05-08 16:52:25 74ec  InnoDB: Operating system error number 3 in a file operation.
InnoDB: The error means the system cannot find the path specified.
InnoDB: If you are installing InnoDB, remember that you must create
InnoDB: directories yourself, InnoDB does not create them.
2017-05-08 16:52:25 29932 [ERROR] InnoDB: Could not find a valid tablespace file for 'phpmyadmin/pma__table_info'. See http://dev.mysql.com/doc/refman/5.6/en/innodb-troubleshooting-datadict.html for how to resolve the issue.
2017-05-08 16:52:25 29932 [ERROR] InnoDB: Tablespace open failed for '"phpmyadmin"."pma__table_info"', ignored.
2017-05-08 16:52:25 74ec  InnoDB: Operating system error number 3 in a file operation.
InnoDB: The error means the system cannot find the path specified.
InnoDB: If you are installing InnoDB, remember that you must create
InnoDB: directories yourself, InnoDB does not create them.
2017-05-08 16:52:25 29932 [ERROR] InnoDB: Could not find a valid tablespace file for 'phpmyadmin/pma__table_uiprefs'. See http://dev.mysql.com/doc/refman/5.6/en/innodb-troubleshooting-datadict.html for how to resolve the issue.
2017-05-08 16:52:25 29932 [ERROR] InnoDB: Tablespace open failed for '"phpmyadmin"."pma__table_uiprefs"', ignored.
2017-05-08 16:52:25 74ec  InnoDB: Operating system error number 3 in a file operation.
InnoDB: The error means the system cannot find the path specified.
InnoDB: If you are installing InnoDB, remember that you must create
InnoDB: directories yourself, InnoDB does not create them.
2017-05-08 16:52:25 29932 [ERROR] InnoDB: Could not find a valid tablespace file for 'phpmyadmin/pma__tracking'. See http://dev.mysql.com/doc/refman/5.6/en/innodb-troubleshooting-datadict.html for how to resolve the issue.
2017-05-08 16:52:25 29932 [ERROR] InnoDB: Tablespace open failed for '"phpmyadmin"."pma__tracking"', ignored.
2017-05-08 16:52:25 74ec  InnoDB: Operating system error number 3 in a file operation.
InnoDB: The error means the system cannot find the path specified.
InnoDB: If you are installing InnoDB, remember that you must create
InnoDB: directories yourself, InnoDB does not create them.
2017-05-08 16:52:25 29932 [ERROR] InnoDB: Could not find a valid tablespace file for 'phpmyadmin/pma__userconfig'. See http://dev.mysql.com/doc/refman/5.6/en/innodb-troubleshooting-datadict.html for how to resolve the issue.
2017-05-08 16:52:25 29932 [ERROR] InnoDB: Tablespace open failed for '"phpmyadmin"."pma__userconfig"', ignored.
2017-05-08 16:52:25 74ec  InnoDB: Operating system error number 3 in a file operation.
InnoDB: The error means the system cannot find the path specified.
InnoDB: If you are installing InnoDB, remember that you must create
InnoDB: directories yourself, InnoDB does not create them.
2017-05-08 16:52:25 29932 [ERROR] InnoDB: Could not find a valid tablespace file for 'phpmyadmin/pma__usergroups'. See http://dev.mysql.com/doc/refman/5.6/en/innodb-troubleshooting-datadict.html for how to resolve the issue.
2017-05-08 16:52:25 29932 [ERROR] InnoDB: Tablespace open failed for '"phpmyadmin"."pma__usergroups"', ignored.
2017-05-08 16:52:25 74ec  InnoDB: Operating system error number 3 in a file operation.
InnoDB: The error means the system cannot find the path specified.
InnoDB: If you are installing InnoDB, remember that you must create
InnoDB: directories yourself, InnoDB does not create them.
2017-05-08 16:52:25 29932 [ERROR] InnoDB: Could not find a valid tablespace file for 'phpmyadmin/pma__users'. See http://dev.mysql.com/doc/refman/5.6/en/innodb-troubleshooting-datadict.html for how to resolve the issue.
2017-05-08 16:52:25 29932 [ERROR] InnoDB: Tablespace open failed for '"phpmyadmin"."pma__users"', ignored.
2017-05-08 16:52:26 29932 [Note] InnoDB: 128 rollback segment(s) are active.
2017-05-08 16:52:26 29932 [Note] InnoDB: Waiting for purge to start
2017-05-08 16:52:26 29932 [Note] InnoDB:  Percona XtraDB (http://www.percona.com) 5.6.30-76.3 started; log sequence number 9060016
2017-05-08 16:52:26 29316 [Note] InnoDB: Dumping buffer pool(s) not yet started
2017-05-08 16:52:26 29932 [Note] Plugin 'FEEDBACK' is disabled.
2017-05-08 16:52:26 29932 [Note] Server socket created on IP: '::'.
2017-05-08 16:52:28 29932 [Note] mysql\bin\mysqld.exe: ready for connections.
Version: '10.1.16-MariaDB'  socket: ''  port: 3306  mariadb.org binary distribution
2017-05-08 17:13:57 13584 [Note] mysql\bin\mysqld.exe: Normal shutdown

2017-05-08 17:13:57 13584 [Note] Event Scheduler: Purging the queue. 0 events
2017-05-08 17:13:57 26056 [Note] InnoDB: FTS optimize thread exiting.
2017-05-08 17:13:57 13584 [Note] InnoDB: Starting shutdown...
2017-05-08 17:13:59 13584 [Note] InnoDB: Shutdown completed; log sequence number 12884133
2017-05-08 17:13:59 13584 [Note] mysql\bin\mysqld.exe: Shutdown complete

2017-05-08 17:14:13 27472 [Note] InnoDB: Using mutexes to ref count buffer pool pages
2017-05-08 17:14:13 27472 [Note] InnoDB: The InnoDB memory heap is disabled
2017-05-08 17:14:13 27472 [Note] InnoDB: Mutexes and rw_locks use Windows interlocked functions
2017-05-08 17:14:13 27472 [Note] InnoDB: Memory barrier is not used
2017-05-08 17:14:13 27472 [Note] InnoDB: Compressed tables use zlib 1.2.3
2017-05-08 17:14:13 27472 [Note] InnoDB: Using generic crc32 instructions
2017-05-08 17:14:13 27472 [Note] InnoDB: Initializing buffer pool, size = 256.0M
2017-05-08 17:14:13 27472 [Note] InnoDB: Completed initialization of buffer pool
2017-05-08 17:14:13 27472 [Note] InnoDB: Highest supported file format is Barracuda.
2017-05-08 17:14:15 6b50  InnoDB: Operating system error number 3 in a file operation.
InnoDB: The error means the system cannot find the path specified.
InnoDB: If you are installing InnoDB, remember that you must create
InnoDB: directories yourself, InnoDB does not create them.
2017-05-08 17:14:15 27472 [ERROR] InnoDB: Could not find a valid tablespace file for 'phpmyadmin/pma__bookmark'. See http://dev.mysql.com/doc/refman/5.6/en/innodb-troubleshooting-datadict.html for how to resolve the issue.
2017-05-08 17:14:15 27472 [ERROR] InnoDB: Tablespace open failed for '"phpmyadmin"."pma__bookmark"', ignored.
2017-05-08 17:14:15 6b50  InnoDB: Operating system error number 3 in a file operation.
InnoDB: The error means the system cannot find the path specified.
InnoDB: If you are installing InnoDB, remember that you must create
InnoDB: directories yourself, InnoDB does not create them.
2017-05-08 17:14:15 27472 [ERROR] InnoDB: Could not find a valid tablespace file for 'phpmyadmin/pma__central_columns'. See http://dev.mysql.com/doc/refman/5.6/en/innodb-troubleshooting-datadict.html for how to resolve the issue.
2017-05-08 17:14:15 27472 [ERROR] InnoDB: Tablespace open failed for '"phpmyadmin"."pma__central_columns"', ignored.
2017-05-08 17:14:15 6b50  InnoDB: Operating system error number 3 in a file operation.
InnoDB: The error means the system cannot find the path specified.
InnoDB: If you are installing InnoDB, remember that you must create
InnoDB: directories yourself, InnoDB does not create them.
2017-05-08 17:14:15 27472 [ERROR] InnoDB: Could not find a valid tablespace file for 'phpmyadmin/pma__column_info'. See http://dev.mysql.com/doc/refman/5.6/en/innodb-troubleshooting-datadict.html for how to resolve the issue.
2017-05-08 17:14:15 27472 [ERROR] InnoDB: Tablespace open failed for '"phpmyadmin"."pma__column_info"', ignored.
2017-05-08 17:14:15 6b50  InnoDB: Operating system error number 3 in a file operation.
InnoDB: The error means the system cannot find the path specified.
InnoDB: If you are installing InnoDB, remember that you must create
InnoDB: directories yourself, InnoDB does not create them.
2017-05-08 17:14:15 27472 [ERROR] InnoDB: Could not find a valid tablespace file for 'phpmyadmin/pma__designer_settings'. See http://dev.mysql.com/doc/refman/5.6/en/innodb-troubleshooting-datadict.html for how to resolve the issue.
2017-05-08 17:14:15 27472 [ERROR] InnoDB: Tablespace open failed for '"phpmyadmin"."pma__designer_settings"', ignored.
2017-05-08 17:14:15 6b50  InnoDB: Operating system error number 3 in a file operation.
InnoDB: The error means the system cannot find the path specified.
InnoDB: If you are installing InnoDB, remember that you must create
InnoDB: directories yourself, InnoDB does not create them.
2017-05-08 17:14:15 27472 [ERROR] InnoDB: Could not find a valid tablespace file for 'phpmyadmin/pma__export_templates'. See http://dev.mysql.com/doc/refman/5.6/en/innodb-troubleshooting-datadict.html for how to resolve the issue.
2017-05-08 17:14:15 27472 [ERROR] InnoDB: Tablespace open failed for '"phpmyadmin"."pma__export_templates"', ignored.
2017-05-08 17:14:15 6b50  InnoDB: Operating system error number 3 in a file operation.
InnoDB: The error means the system cannot find the path specified.
InnoDB: If you are installing InnoDB, remember that you must create
InnoDB: directories yourself, InnoDB does not create them.
2017-05-08 17:14:15 27472 [ERROR] InnoDB: Could not find a valid tablespace file for 'phpmyadmin/pma__favorite'. See http://dev.mysql.com/doc/refman/5.6/en/innodb-troubleshooting-datadict.html for how to resolve the issue.
2017-05-08 17:14:15 27472 [ERROR] InnoDB: Tablespace open failed for '"phpmyadmin"."pma__favorite"', ignored.
2017-05-08 17:14:15 6b50  InnoDB: Operating system error number 3 in a file operation.
InnoDB: The error means the system cannot find the path specified.
InnoDB: If you are installing InnoDB, remember that you must create
InnoDB: directories yourself, InnoDB does not create them.
2017-05-08 17:14:15 27472 [ERROR] InnoDB: Could not find a valid tablespace file for 'phpmyadmin/pma__history'. See http://dev.mysql.com/doc/refman/5.6/en/innodb-troubleshooting-datadict.html for how to resolve the issue.
2017-05-08 17:14:15 27472 [ERROR] InnoDB: Tablespace open failed for '"phpmyadmin"."pma__history"', ignored.
2017-05-08 17:14:15 6b50  InnoDB: Operating system error number 3 in a file operation.
InnoDB: The error means the system cannot find the path specified.
InnoDB: If you are installing InnoDB, remember that you must create
InnoDB: directories yourself, InnoDB does not create them.
2017-05-08 17:14:15 27472 [ERROR] InnoDB: Could not find a valid tablespace file for 'phpmyadmin/pma__navigationhiding'. See http://dev.mysql.com/doc/refman/5.6/en/innodb-troubleshooting-datadict.html for how to resolve the issue.
2017-05-08 17:14:15 27472 [ERROR] InnoDB: Tablespace open failed for '"phpmyadmin"."pma__navigationhiding"', ignored.
2017-05-08 17:14:15 6b50  InnoDB: Operating system error number 3 in a file operation.
InnoDB: The error means the system cannot find the path specified.
InnoDB: If you are installing InnoDB, remember that you must create
InnoDB: directories yourself, InnoDB does not create them.
2017-05-08 17:14:15 27472 [ERROR] InnoDB: Could not find a valid tablespace file for 'phpmyadmin/pma__pdf_pages'. See http://dev.mysql.com/doc/refman/5.6/en/innodb-troubleshooting-datadict.html for how to resolve the issue.
2017-05-08 17:14:15 27472 [ERROR] InnoDB: Tablespace open failed for '"phpmyadmin"."pma__pdf_pages"', ignored.
2017-05-08 17:14:15 6b50  InnoDB: Operating system error number 3 in a file operation.
InnoDB: The error means the system cannot find the path specified.
InnoDB: If you are installing InnoDB, remember that you must create
InnoDB: directories yourself, InnoDB does not create them.
2017-05-08 17:14:15 27472 [ERROR] InnoDB: Could not find a valid tablespace file for 'phpmyadmin/pma__recent'. See http://dev.mysql.com/doc/refman/5.6/en/innodb-troubleshooting-datadict.html for how to resolve the issue.
2017-05-08 17:14:15 27472 [ERROR] InnoDB: Tablespace open failed for '"phpmyadmin"."pma__recent"', ignored.
2017-05-08 17:14:15 6b50  InnoDB: Operating system error number 3 in a file operation.
InnoDB: The error means the system cannot find the path specified.
InnoDB: If you are installing InnoDB, remember that you must create
InnoDB: directories yourself, InnoDB does not create them.
2017-05-08 17:14:15 27472 [ERROR] InnoDB: Could not find a valid tablespace file for 'phpmyadmin/pma__relation'. See http://dev.mysql.com/doc/refman/5.6/en/innodb-troubleshooting-datadict.html for how to resolve the issue.
2017-05-08 17:14:15 27472 [ERROR] InnoDB: Tablespace open failed for '"phpmyadmin"."pma__relation"', ignored.
2017-05-08 17:14:15 6b50  InnoDB: Operating system error number 3 in a file operation.
InnoDB: The error means the system cannot find the path specified.
InnoDB: If you are installing InnoDB, remember that you must create
InnoDB: directories yourself, InnoDB does not create them.
2017-05-08 17:14:15 27472 [ERROR] InnoDB: Could not find a valid tablespace file for 'phpmyadmin/pma__savedsearches'. See http://dev.mysql.com/doc/refman/5.6/en/innodb-troubleshooting-datadict.html for how to resolve the issue.
2017-05-08 17:14:15 27472 [ERROR] InnoDB: Tablespace open failed for '"phpmyadmin"."pma__savedsearches"', ignored.
2017-05-08 17:14:15 6b50  InnoDB: Operating system error number 3 in a file operation.
InnoDB: The error means the system cannot find the path specified.
InnoDB: If you are installing InnoDB, remember that you must create
InnoDB: directories yourself, InnoDB does not create them.
2017-05-08 17:14:15 27472 [ERROR] InnoDB: Could not find a valid tablespace file for 'phpmyadmin/pma__table_coords'. See http://dev.mysql.com/doc/refman/5.6/en/innodb-troubleshooting-datadict.html for how to resolve the issue.
2017-05-08 17:14:15 27472 [ERROR] InnoDB: Tablespace open failed for '"phpmyadmin"."pma__table_coords"', ignored.
2017-05-08 17:14:15 6b50  InnoDB: Operating system error number 3 in a file operation.
InnoDB: The error means the system cannot find the path specified.
InnoDB: If you are installing InnoDB, remember that you must create
InnoDB: directories yourself, InnoDB does not create them.
2017-05-08 17:14:15 27472 [ERROR] InnoDB: Could not find a valid tablespace file for 'phpmyadmin/pma__table_info'. See http://dev.mysql.com/doc/refman/5.6/en/innodb-troubleshooting-datadict.html for how to resolve the issue.
2017-05-08 17:14:15 27472 [ERROR] InnoDB: Tablespace open failed for '"phpmyadmin"."pma__table_info"', ignored.
2017-05-08 17:14:15 6b50  InnoDB: Operating system error number 3 in a file operation.
InnoDB: The error means the system cannot find the path specified.
InnoDB: If you are installing InnoDB, remember that you must create
InnoDB: directories yourself, InnoDB does not create them.
2017-05-08 17:14:15 27472 [ERROR] InnoDB: Could not find a valid tablespace file for 'phpmyadmin/pma__table_uiprefs'. See http://dev.mysql.com/doc/refman/5.6/en/innodb-troubleshooting-datadict.html for how to resolve the issue.
2017-05-08 17:14:15 27472 [ERROR] InnoDB: Tablespace open failed for '"phpmyadmin"."pma__table_uiprefs"', ignored.
2017-05-08 17:14:15 6b50  InnoDB: Operating system error number 3 in a file operation.
InnoDB: The error means the system cannot find the path specified.
InnoDB: If you are installing InnoDB, remember that you must create
InnoDB: directories yourself, InnoDB does not create them.
2017-05-08 17:14:15 27472 [ERROR] InnoDB: Could not find a valid tablespace file for 'phpmyadmin/pma__tracking'. See http://dev.mysql.com/doc/refman/5.6/en/innodb-troubleshooting-datadict.html for how to resolve the issue.
2017-05-08 17:14:15 27472 [ERROR] InnoDB: Tablespace open failed for '"phpmyadmin"."pma__tracking"', ignored.
2017-05-08 17:14:15 6b50  InnoDB: Operating system error number 3 in a file operation.
InnoDB: The error means the system cannot find the path specified.
InnoDB: If you are installing InnoDB, remember that you must create
InnoDB: directories yourself, InnoDB does not create them.
2017-05-08 17:14:15 27472 [ERROR] InnoDB: Could not find a valid tablespace file for 'phpmyadmin/pma__userconfig'. See http://dev.mysql.com/doc/refman/5.6/en/innodb-troubleshooting-datadict.html for how to resolve the issue.
2017-05-08 17:14:15 27472 [ERROR] InnoDB: Tablespace open failed for '"phpmyadmin"."pma__userconfig"', ignored.
2017-05-08 17:14:15 6b50  InnoDB: Operating system error number 3 in a file operation.
InnoDB: The error means the system cannot find the path specified.
InnoDB: If you are installing InnoDB, remember that you must create
InnoDB: directories yourself, InnoDB does not create them.
2017-05-08 17:14:15 27472 [ERROR] InnoDB: Could not find a valid tablespace file for 'phpmyadmin/pma__usergroups'. See http://dev.mysql.com/doc/refman/5.6/en/innodb-troubleshooting-datadict.html for how to resolve the issue.
2017-05-08 17:14:15 27472 [ERROR] InnoDB: Tablespace open failed for '"phpmyadmin"."pma__usergroups"', ignored.
2017-05-08 17:14:15 6b50  InnoDB: Operating system error number 3 in a file operation.
InnoDB: The error means the system cannot find the path specified.
InnoDB: If you are installing InnoDB, remember that you must create
InnoDB: directories yourself, InnoDB does not create them.
2017-05-08 17:14:15 27472 [ERROR] InnoDB: Could not find a valid tablespace file for 'phpmyadmin/pma__users'. See http://dev.mysql.com/doc/refman/5.6/en/innodb-troubleshooting-datadict.html for how to resolve the issue.
2017-05-08 17:14:15 27472 [ERROR] InnoDB: Tablespace open failed for '"phpmyadmin"."pma__users"', ignored.
2017-05-08 17:14:15 27472 [Note] InnoDB: 128 rollback segment(s) are active.
2017-05-08 17:14:15 27472 [Note] InnoDB: Waiting for purge to start
2017-05-08 17:14:16 27472 [Note] InnoDB:  Percona XtraDB (http://www.percona.com) 5.6.30-76.3 started; log sequence number 12884133
2017-05-08 17:14:16 29772 [Note] InnoDB: Dumping buffer pool(s) not yet started
2017-05-08 17:14:16 27472 [Note] Plugin 'FEEDBACK' is disabled.
2017-05-08 17:14:16 27472 [Note] Server socket created on IP: '::'.
2017-05-08 17:14:17 27472 [Note] mysql\bin\mysqld.exe: ready for connections.
Version: '10.1.16-MariaDB'  socket: ''  port: 3306  mariadb.org binary distribution
2017-05-08 20:01:38 6388 [Note] InnoDB: Using mutexes to ref count buffer pool pages
2017-05-08 20:01:38 6388 [Note] InnoDB: The InnoDB memory heap is disabled
2017-05-08 20:01:38 6388 [Note] InnoDB: Mutexes and rw_locks use Windows interlocked functions
2017-05-08 20:01:38 6388 [Note] InnoDB: Memory barrier is not used
2017-05-08 20:01:38 6388 [Note] InnoDB: Compressed tables use zlib 1.2.3
2017-05-08 20:01:38 6388 [Note] InnoDB: Using generic crc32 instructions
2017-05-08 20:01:38 6388 [Note] InnoDB: Initializing buffer pool, size = 256.0M
2017-05-08 20:01:38 6388 [Note] InnoDB: Completed initialization of buffer pool
2017-05-08 20:01:38 6388 [ERROR] InnoDB: .\ibdata1 can't be opened in read-write mode
2017-05-08 20:01:38 6388 [ERROR] InnoDB: The system tablespace must be writable!
2017-05-08 20:01:38 6388 [ERROR] Plugin 'InnoDB' init function returned error.
2017-05-08 20:01:38 6388 [ERROR] Plugin 'InnoDB' registration as a STORAGE ENGINE failed.
2017-05-08 20:01:38 6388 [Note] Plugin 'FEEDBACK' is disabled.
2017-05-08 20:01:38 6388 [ERROR] Unknown/unsupported storage engine: innodb
2017-05-08 20:01:38 6388 [ERROR] Aborting

2017-05-08 20:17:53 12792 [Note] mysql\bin\mysqld.exe: Normal shutdown

2017-05-08 20:17:53 12792 [Note] Event Scheduler: Purging the queue. 0 events
2017-05-08 20:17:54 19720 [Note] InnoDB: FTS optimize thread exiting.
2017-05-08 20:17:54 12792 [Note] InnoDB: Starting shutdown...
2017-05-08 20:17:55 12792 [Note] InnoDB: Shutdown completed; log sequence number 12884143
2017-05-08 20:17:55 12792 [Note] mysql\bin\mysqld.exe: Shutdown complete

2017-05-08 20:18:19 32276 [Note] InnoDB: Using mutexes to ref count buffer pool pages
2017-05-08 20:18:19 32276 [Note] InnoDB: The InnoDB memory heap is disabled
2017-05-08 20:18:19 32276 [Note] InnoDB: Mutexes and rw_locks use Windows interlocked functions
2017-05-08 20:18:19 32276 [Note] InnoDB: Memory barrier is not used
2017-05-08 20:18:19 32276 [Note] InnoDB: Compressed tables use zlib 1.2.3
2017-05-08 20:18:19 32276 [Note] InnoDB: Using generic crc32 instructions
2017-05-08 20:18:19 32276 [Note] InnoDB: Initializing buffer pool, size = 256.0M
2017-05-08 20:18:19 32276 [Note] InnoDB: Completed initialization of buffer pool
2017-05-08 20:18:19 32276 [Note] InnoDB: Highest supported file format is Barracuda.
2017-05-08 20:18:21 7e14  InnoDB: Operating system error number 3 in a file operation.
InnoDB: The error means the system cannot find the path specified.
InnoDB: If you are installing InnoDB, remember that you must create
InnoDB: directories yourself, InnoDB does not create them.
2017-05-08 20:18:21 32276 [ERROR] InnoDB: Could not find a valid tablespace file for 'phpmyadmin/pma__bookmark'. See http://dev.mysql.com/doc/refman/5.6/en/innodb-troubleshooting-datadict.html for how to resolve the issue.
2017-05-08 20:18:21 32276 [ERROR] InnoDB: Tablespace open failed for '"phpmyadmin"."pma__bookmark"', ignored.
2017-05-08 20:18:21 7e14  InnoDB: Operating system error number 3 in a file operation.
InnoDB: The error means the system cannot find the path specified.
InnoDB: If you are installing InnoDB, remember that you must create
InnoDB: directories yourself, InnoDB does not create them.
2017-05-08 20:18:21 32276 [ERROR] InnoDB: Could not find a valid tablespace file for 'phpmyadmin/pma__central_columns'. See http://dev.mysql.com/doc/refman/5.6/en/innodb-troubleshooting-datadict.html for how to resolve the issue.
2017-05-08 20:18:21 32276 [ERROR] InnoDB: Tablespace open failed for '"phpmyadmin"."pma__central_columns"', ignored.
2017-05-08 20:18:21 7e14  InnoDB: Operating system error number 3 in a file operation.
InnoDB: The error means the system cannot find the path specified.
InnoDB: If you are installing InnoDB, remember that you must create
InnoDB: directories yourself, InnoDB does not create them.
2017-05-08 20:18:21 32276 [ERROR] InnoDB: Could not find a valid tablespace file for 'phpmyadmin/pma__column_info'. See http://dev.mysql.com/doc/refman/5.6/en/innodb-troubleshooting-datadict.html for how to resolve the issue.
2017-05-08 20:18:21 32276 [ERROR] InnoDB: Tablespace open failed for '"phpmyadmin"."pma__column_info"', ignored.
2017-05-08 20:18:21 7e14  InnoDB: Operating system error number 3 in a file operation.
InnoDB: The error means the system cannot find the path specified.
InnoDB: If you are installing InnoDB, remember that you must create
InnoDB: directories yourself, InnoDB does not create them.
2017-05-08 20:18:21 32276 [ERROR] InnoDB: Could not find a valid tablespace file for 'phpmyadmin/pma__designer_settings'. See http://dev.mysql.com/doc/refman/5.6/en/innodb-troubleshooting-datadict.html for how to resolve the issue.
2017-05-08 20:18:21 32276 [ERROR] InnoDB: Tablespace open failed for '"phpmyadmin"."pma__designer_settings"', ignored.
2017-05-08 20:18:21 7e14  InnoDB: Operating system error number 3 in a file operation.
InnoDB: The error means the system cannot find the path specified.
InnoDB: If you are installing InnoDB, remember that you must create
InnoDB: directories yourself, InnoDB does not create them.
2017-05-08 20:18:21 32276 [ERROR] InnoDB: Could not find a valid tablespace file for 'phpmyadmin/pma__export_templates'. See http://dev.mysql.com/doc/refman/5.6/en/innodb-troubleshooting-datadict.html for how to resolve the issue.
2017-05-08 20:18:21 32276 [ERROR] InnoDB: Tablespace open failed for '"phpmyadmin"."pma__export_templates"', ignored.
2017-05-08 20:18:21 7e14  InnoDB: Operating system error number 3 in a file operation.
InnoDB: The error means the system cannot find the path specified.
InnoDB: If you are installing InnoDB, remember that you must create
InnoDB: directories yourself, InnoDB does not create them.
2017-05-08 20:18:21 32276 [ERROR] InnoDB: Could not find a valid tablespace file for 'phpmyadmin/pma__favorite'. See http://dev.mysql.com/doc/refman/5.6/en/innodb-troubleshooting-datadict.html for how to resolve the issue.
2017-05-08 20:18:21 32276 [ERROR] InnoDB: Tablespace open failed for '"phpmyadmin"."pma__favorite"', ignored.
2017-05-08 20:18:21 7e14  InnoDB: Operating system error number 3 in a file operation.
InnoDB: The error means the system cannot find the path specified.
InnoDB: If you are installing InnoDB, remember that you must create
InnoDB: directories yourself, InnoDB does not create them.
2017-05-08 20:18:21 32276 [ERROR] InnoDB: Could not find a valid tablespace file for 'phpmyadmin/pma__history'. See http://dev.mysql.com/doc/refman/5.6/en/innodb-troubleshooting-datadict.html for how to resolve the issue.
2017-05-08 20:18:21 32276 [ERROR] InnoDB: Tablespace open failed for '"phpmyadmin"."pma__history"', ignored.
2017-05-08 20:18:21 7e14  InnoDB: Operating system error number 3 in a file operation.
InnoDB: The error means the system cannot find the path specified.
InnoDB: If you are installing InnoDB, remember that you must create
InnoDB: directories yourself, InnoDB does not create them.
2017-05-08 20:18:21 32276 [ERROR] InnoDB: Could not find a valid tablespace file for 'phpmyadmin/pma__navigationhiding'. See http://dev.mysql.com/doc/refman/5.6/en/innodb-troubleshooting-datadict.html for how to resolve the issue.
2017-05-08 20:18:21 32276 [ERROR] InnoDB: Tablespace open failed for '"phpmyadmin"."pma__navigationhiding"', ignored.
2017-05-08 20:18:21 7e14  InnoDB: Operating system error number 3 in a file operation.
InnoDB: The error means the system cannot find the path specified.
InnoDB: If you are installing InnoDB, remember that you must create
InnoDB: directories yourself, InnoDB does not create them.
2017-05-08 20:18:21 32276 [ERROR] InnoDB: Could not find a valid tablespace file for 'phpmyadmin/pma__pdf_pages'. See http://dev.mysql.com/doc/refman/5.6/en/innodb-troubleshooting-datadict.html for how to resolve the issue.
2017-05-08 20:18:21 32276 [ERROR] InnoDB: Tablespace open failed for '"phpmyadmin"."pma__pdf_pages"', ignored.
2017-05-08 20:18:21 7e14  InnoDB: Operating system error number 3 in a file operation.
InnoDB: The error means the system cannot find the path specified.
InnoDB: If you are installing InnoDB, remember that you must create
InnoDB: directories yourself, InnoDB does not create them.
2017-05-08 20:18:21 32276 [ERROR] InnoDB: Could not find a valid tablespace file for 'phpmyadmin/pma__recent'. See http://dev.mysql.com/doc/refman/5.6/en/innodb-troubleshooting-datadict.html for how to resolve the issue.
2017-05-08 20:18:21 32276 [ERROR] InnoDB: Tablespace open failed for '"phpmyadmin"."pma__recent"', ignored.
2017-05-08 20:18:21 7e14  InnoDB: Operating system error number 3 in a file operation.
InnoDB: The error means the system cannot find the path specified.
InnoDB: If you are installing InnoDB, remember that you must create
InnoDB: directories yourself, InnoDB does not create them.
2017-05-08 20:18:21 32276 [ERROR] InnoDB: Could not find a valid tablespace file for 'phpmyadmin/pma__relation'. See http://dev.mysql.com/doc/refman/5.6/en/innodb-troubleshooting-datadict.html for how to resolve the issue.
2017-05-08 20:18:21 32276 [ERROR] InnoDB: Tablespace open failed for '"phpmyadmin"."pma__relation"', ignored.
2017-05-08 20:18:21 7e14  InnoDB: Operating system error number 3 in a file operation.
InnoDB: The error means the system cannot find the path specified.
InnoDB: If you are installing InnoDB, remember that you must create
InnoDB: directories yourself, InnoDB does not create them.
2017-05-08 20:18:21 32276 [ERROR] InnoDB: Could not find a valid tablespace file for 'phpmyadmin/pma__savedsearches'. See http://dev.mysql.com/doc/refman/5.6/en/innodb-troubleshooting-datadict.html for how to resolve the issue.
2017-05-08 20:18:21 32276 [ERROR] InnoDB: Tablespace open failed for '"phpmyadmin"."pma__savedsearches"', ignored.
2017-05-08 20:18:21 7e14  InnoDB: Operating system error number 3 in a file operation.
InnoDB: The error means the system cannot find the path specified.
InnoDB: If you are installing InnoDB, remember that you must create
InnoDB: directories yourself, InnoDB does not create them.
2017-05-08 20:18:21 32276 [ERROR] InnoDB: Could not find a valid tablespace file for 'phpmyadmin/pma__table_coords'. See http://dev.mysql.com/doc/refman/5.6/en/innodb-troubleshooting-datadict.html for how to resolve the issue.
2017-05-08 20:18:21 32276 [ERROR] InnoDB: Tablespace open failed for '"phpmyadmin"."pma__table_coords"', ignored.
2017-05-08 20:18:21 7e14  InnoDB: Operating system error number 3 in a file operation.
InnoDB: The error means the system cannot find the path specified.
InnoDB: If you are installing InnoDB, remember that you must create
InnoDB: directories yourself, InnoDB does not create them.
2017-05-08 20:18:21 32276 [ERROR] InnoDB: Could not find a valid tablespace file for 'phpmyadmin/pma__table_info'. See http://dev.mysql.com/doc/refman/5.6/en/innodb-troubleshooting-datadict.html for how to resolve the issue.
2017-05-08 20:18:21 32276 [ERROR] InnoDB: Tablespace open failed for '"phpmyadmin"."pma__table_info"', ignored.
2017-05-08 20:18:21 7e14  InnoDB: Operating system error number 3 in a file operation.
InnoDB: The error means the system cannot find the path specified.
InnoDB: If you are installing InnoDB, remember that you must create
InnoDB: directories yourself, InnoDB does not create them.
2017-05-08 20:18:21 32276 [ERROR] InnoDB: Could not find a valid tablespace file for 'phpmyadmin/pma__table_uiprefs'. See http://dev.mysql.com/doc/refman/5.6/en/innodb-troubleshooting-datadict.html for how to resolve the issue.
2017-05-08 20:18:21 32276 [ERROR] InnoDB: Tablespace open failed for '"phpmyadmin"."pma__table_uiprefs"', ignored.
2017-05-08 20:18:21 7e14  InnoDB: Operating system error number 3 in a file operation.
InnoDB: The error means the system cannot find the path specified.
InnoDB: If you are installing InnoDB, remember that you must create
InnoDB: directories yourself, InnoDB does not create them.
2017-05-08 20:18:21 32276 [ERROR] InnoDB: Could not find a valid tablespace file for 'phpmyadmin/pma__tracking'. See http://dev.mysql.com/doc/refman/5.6/en/innodb-troubleshooting-datadict.html for how to resolve the issue.
2017-05-08 20:18:21 32276 [ERROR] InnoDB: Tablespace open failed for '"phpmyadmin"."pma__tracking"', ignored.
2017-05-08 20:18:21 7e14  InnoDB: Operating system error number 3 in a file operation.
InnoDB: The error means the system cannot find the path specified.
InnoDB: If you are installing InnoDB, remember that you must create
InnoDB: directories yourself, InnoDB does not create them.
2017-05-08 20:18:21 32276 [ERROR] InnoDB: Could not find a valid tablespace file for 'phpmyadmin/pma__userconfig'. See http://dev.mysql.com/doc/refman/5.6/en/innodb-troubleshooting-datadict.html for how to resolve the issue.
2017-05-08 20:18:21 32276 [ERROR] InnoDB: Tablespace open failed for '"phpmyadmin"."pma__userconfig"', ignored.
2017-05-08 20:18:21 7e14  InnoDB: Operating system error number 3 in a file operation.
InnoDB: The error means the system cannot find the path specified.
InnoDB: If you are installing InnoDB, remember that you must create
InnoDB: directories yourself, InnoDB does not create them.
2017-05-08 20:18:21 32276 [ERROR] InnoDB: Could not find a valid tablespace file for 'phpmyadmin/pma__usergroups'. See http://dev.mysql.com/doc/refman/5.6/en/innodb-troubleshooting-datadict.html for how to resolve the issue.
2017-05-08 20:18:21 32276 [ERROR] InnoDB: Tablespace open failed for '"phpmyadmin"."pma__usergroups"', ignored.
2017-05-08 20:18:21 7e14  InnoDB: Operating system error number 3 in a file operation.
InnoDB: The error means the system cannot find the path specified.
InnoDB: If you are installing InnoDB, remember that you must create
InnoDB: directories yourself, InnoDB does not create them.
2017-05-08 20:18:21 32276 [ERROR] InnoDB: Could not find a valid tablespace file for 'phpmyadmin/pma__users'. See http://dev.mysql.com/doc/refman/5.6/en/innodb-troubleshooting-datadict.html for how to resolve the issue.
2017-05-08 20:18:21 32276 [ERROR] InnoDB: Tablespace open failed for '"phpmyadmin"."pma__users"', ignored.
2017-05-08 20:18:21 32276 [Note] InnoDB: 128 rollback segment(s) are active.
2017-05-08 20:18:21 32276 [Note] InnoDB: Waiting for purge to start
2017-05-08 20:18:21 32276 [Note] InnoDB:  Percona XtraDB (http://www.percona.com) 5.6.30-76.3 started; log sequence number 12884143
2017-05-08 20:18:21 26872 [Note] InnoDB: Dumping buffer pool(s) not yet started
2017-05-08 20:18:21 32276 [Note] Plugin 'FEEDBACK' is disabled.
2017-05-08 20:18:21 32276 [Note] Server socket created on IP: '::'.
2017-05-08 20:18:21 32276 [Note] mysql\bin\mysqld.exe: ready for connections.
Version: '10.1.16-MariaDB'  socket: ''  port: 3306  mariadb.org binary distribution
2017-05-08 20:25:09 30320 [Note] mysql\bin\mysqld.exe: Normal shutdown

2017-05-08 20:25:09 30320 [Note] Event Scheduler: Purging the queue. 0 events
2017-05-08 20:25:09 31376 [Note] InnoDB: FTS optimize thread exiting.
2017-05-08 20:25:09 30320 [Note] InnoDB: Starting shutdown...
2017-05-08 20:25:10 30320 [Note] InnoDB: Shutdown completed; log sequence number 12884153
2017-05-08 20:25:10 30320 [Note] mysql\bin\mysqld.exe: Shutdown complete

2017-05-11 17:39:12 31420 [Note] InnoDB: Using mutexes to ref count buffer pool pages
2017-05-11 17:39:12 31420 [Note] InnoDB: The InnoDB memory heap is disabled
2017-05-11 17:39:12 31420 [Note] InnoDB: Mutexes and rw_locks use Windows interlocked functions
2017-05-11 17:39:12 31420 [Note] InnoDB: Memory barrier is not used
2017-05-11 17:39:12 31420 [Note] InnoDB: Compressed tables use zlib 1.2.3
2017-05-11 17:39:12 31420 [Note] InnoDB: Using generic crc32 instructions
2017-05-11 17:39:12 31420 [Note] InnoDB: Initializing buffer pool, size = 256.0M
2017-05-11 17:39:12 31420 [Note] InnoDB: Completed initialization of buffer pool
2017-05-11 17:39:13 31420 [Note] InnoDB: Highest supported file format is Barracuda.
2017-05-11 17:39:19 7abc  InnoDB: Operating system error number 3 in a file operation.
InnoDB: The error means the system cannot find the path specified.
InnoDB: If you are installing InnoDB, remember that you must create
InnoDB: directories yourself, InnoDB does not create them.
2017-05-11 17:39:19 31420 [ERROR] InnoDB: Could not find a valid tablespace file for 'phpmyadmin/pma__bookmark'. See http://dev.mysql.com/doc/refman/5.6/en/innodb-troubleshooting-datadict.html for how to resolve the issue.
2017-05-11 17:39:19 31420 [ERROR] InnoDB: Tablespace open failed for '"phpmyadmin"."pma__bookmark"', ignored.
2017-05-11 17:39:19 7abc  InnoDB: Operating system error number 3 in a file operation.
InnoDB: The error means the system cannot find the path specified.
InnoDB: If you are installing InnoDB, remember that you must create
InnoDB: directories yourself, InnoDB does not create them.
2017-05-11 17:39:19 31420 [ERROR] InnoDB: Could not find a valid tablespace file for 'phpmyadmin/pma__central_columns'. See http://dev.mysql.com/doc/refman/5.6/en/innodb-troubleshooting-datadict.html for how to resolve the issue.
2017-05-11 17:39:19 31420 [ERROR] InnoDB: Tablespace open failed for '"phpmyadmin"."pma__central_columns"', ignored.
2017-05-11 17:39:19 7abc  InnoDB: Operating system error number 3 in a file operation.
InnoDB: The error means the system cannot find the path specified.
InnoDB: If you are installing InnoDB, remember that you must create
InnoDB: directories yourself, InnoDB does not create them.
2017-05-11 17:39:19 31420 [ERROR] InnoDB: Could not find a valid tablespace file for 'phpmyadmin/pma__column_info'. See http://dev.mysql.com/doc/refman/5.6/en/innodb-troubleshooting-datadict.html for how to resolve the issue.
2017-05-11 17:39:19 31420 [ERROR] InnoDB: Tablespace open failed for '"phpmyadmin"."pma__column_info"', ignored.
2017-05-11 17:39:19 7abc  InnoDB: Operating system error number 3 in a file operation.
InnoDB: The error means the system cannot find the path specified.
InnoDB: If you are installing InnoDB, remember that you must create
InnoDB: directories yourself, InnoDB does not create them.
2017-05-11 17:39:19 31420 [ERROR] InnoDB: Could not find a valid tablespace file for 'phpmyadmin/pma__designer_settings'. See http://dev.mysql.com/doc/refman/5.6/en/innodb-troubleshooting-datadict.html for how to resolve the issue.
2017-05-11 17:39:19 31420 [ERROR] InnoDB: Tablespace open failed for '"phpmyadmin"."pma__designer_settings"', ignored.
2017-05-11 17:39:19 7abc  InnoDB: Operating system error number 3 in a file operation.
InnoDB: The error means the system cannot find the path specified.
InnoDB: If you are installing InnoDB, remember that you must create
InnoDB: directories yourself, InnoDB does not create them.
2017-05-11 17:39:19 31420 [ERROR] InnoDB: Could not find a valid tablespace file for 'phpmyadmin/pma__export_templates'. See http://dev.mysql.com/doc/refman/5.6/en/innodb-troubleshooting-datadict.html for how to resolve the issue.
2017-05-11 17:39:19 31420 [ERROR] InnoDB: Tablespace open failed for '"phpmyadmin"."pma__export_templates"', ignored.
2017-05-11 17:39:19 7abc  InnoDB: Operating system error number 3 in a file operation.
InnoDB: The error means the system cannot find the path specified.
InnoDB: If you are installing InnoDB, remember that you must create
InnoDB: directories yourself, InnoDB does not create them.
2017-05-11 17:39:19 31420 [ERROR] InnoDB: Could not find a valid tablespace file for 'phpmyadmin/pma__favorite'. See http://dev.mysql.com/doc/refman/5.6/en/innodb-troubleshooting-datadict.html for how to resolve the issue.
2017-05-11 17:39:19 31420 [ERROR] InnoDB: Tablespace open failed for '"phpmyadmin"."pma__favorite"', ignored.
2017-05-11 17:39:19 7abc  InnoDB: Operating system error number 3 in a file operation.
InnoDB: The error means the system cannot find the path specified.
InnoDB: If you are installing InnoDB, remember that you must create
InnoDB: directories yourself, InnoDB does not create them.
2017-05-11 17:39:19 31420 [ERROR] InnoDB: Could not find a valid tablespace file for 'phpmyadmin/pma__history'. See http://dev.mysql.com/doc/refman/5.6/en/innodb-troubleshooting-datadict.html for how to resolve the issue.
2017-05-11 17:39:19 31420 [ERROR] InnoDB: Tablespace open failed for '"phpmyadmin"."pma__history"', ignored.
2017-05-11 17:39:19 7abc  InnoDB: Operating system error number 3 in a file operation.
InnoDB: The error means the system cannot find the path specified.
InnoDB: If you are installing InnoDB, remember that you must create
InnoDB: directories yourself, InnoDB does not create them.
2017-05-11 17:39:19 31420 [ERROR] InnoDB: Could not find a valid tablespace file for 'phpmyadmin/pma__navigationhiding'. See http://dev.mysql.com/doc/refman/5.6/en/innodb-troubleshooting-datadict.html for how to resolve the issue.
2017-05-11 17:39:19 31420 [ERROR] InnoDB: Tablespace open failed for '"phpmyadmin"."pma__navigationhiding"', ignored.
2017-05-11 17:39:19 7abc  InnoDB: Operating system error number 3 in a file operation.
InnoDB: The error means the system cannot find the path specified.
InnoDB: If you are installing InnoDB, remember that you must create
InnoDB: directories yourself, InnoDB does not create them.
2017-05-11 17:39:19 31420 [ERROR] InnoDB: Could not find a valid tablespace file for 'phpmyadmin/pma__pdf_pages'. See http://dev.mysql.com/doc/refman/5.6/en/innodb-troubleshooting-datadict.html for how to resolve the issue.
2017-05-11 17:39:19 31420 [ERROR] InnoDB: Tablespace open failed for '"phpmyadmin"."pma__pdf_pages"', ignored.
2017-05-11 17:39:19 7abc  InnoDB: Operating system error number 3 in a file operation.
InnoDB: The error means the system cannot find the path specified.
InnoDB: If you are installing InnoDB, remember that you must create
InnoDB: directories yourself, InnoDB does not create them.
2017-05-11 17:39:19 31420 [ERROR] InnoDB: Could not find a valid tablespace file for 'phpmyadmin/pma__recent'. See http://dev.mysql.com/doc/refman/5.6/en/innodb-troubleshooting-datadict.html for how to resolve the issue.
2017-05-11 17:39:19 31420 [ERROR] InnoDB: Tablespace open failed for '"phpmyadmin"."pma__recent"', ignored.
2017-05-11 17:39:19 7abc  InnoDB: Operating system error number 3 in a file operation.
InnoDB: The error means the system cannot find the path specified.
InnoDB: If you are installing InnoDB, remember that you must create
InnoDB: directories yourself, InnoDB does not create them.
2017-05-11 17:39:19 31420 [ERROR] InnoDB: Could not find a valid tablespace file for 'phpmyadmin/pma__relation'. See http://dev.mysql.com/doc/refman/5.6/en/innodb-troubleshooting-datadict.html for how to resolve the issue.
2017-05-11 17:39:19 31420 [ERROR] InnoDB: Tablespace open failed for '"phpmyadmin"."pma__relation"', ignored.
2017-05-11 17:39:19 7abc  InnoDB: Operating system error number 3 in a file operation.
InnoDB: The error means the system cannot find the path specified.
InnoDB: If you are installing InnoDB, remember that you must create
InnoDB: directories yourself, InnoDB does not create them.
2017-05-11 17:39:19 31420 [ERROR] InnoDB: Could not find a valid tablespace file for 'phpmyadmin/pma__savedsearches'. See http://dev.mysql.com/doc/refman/5.6/en/innodb-troubleshooting-datadict.html for how to resolve the issue.
2017-05-11 17:39:19 31420 [ERROR] InnoDB: Tablespace open failed for '"phpmyadmin"."pma__savedsearches"', ignored.
2017-05-11 17:39:19 7abc  InnoDB: Operating system error number 3 in a file operation.
InnoDB: The error means the system cannot find the path specified.
InnoDB: If you are installing InnoDB, remember that you must create
InnoDB: directories yourself, InnoDB does not create them.
2017-05-11 17:39:19 31420 [ERROR] InnoDB: Could not find a valid tablespace file for 'phpmyadmin/pma__table_coords'. See http://dev.mysql.com/doc/refman/5.6/en/innodb-troubleshooting-datadict.html for how to resolve the issue.
2017-05-11 17:39:19 31420 [ERROR] InnoDB: Tablespace open failed for '"phpmyadmin"."pma__table_coords"', ignored.
2017-05-11 17:39:19 7abc  InnoDB: Operating system error number 3 in a file operation.
InnoDB: The error means the system cannot find the path specified.
InnoDB: If you are installing InnoDB, remember that you must create
InnoDB: directories yourself, InnoDB does not create them.
2017-05-11 17:39:19 31420 [ERROR] InnoDB: Could not find a valid tablespace file for 'phpmyadmin/pma__table_info'. See http://dev.mysql.com/doc/refman/5.6/en/innodb-troubleshooting-datadict.html for how to resolve the issue.
2017-05-11 17:39:19 31420 [ERROR] InnoDB: Tablespace open failed for '"phpmyadmin"."pma__table_info"', ignored.
2017-05-11 17:39:19 7abc  InnoDB: Operating system error number 3 in a file operation.
InnoDB: The error means the system cannot find the path specified.
InnoDB: If you are installing InnoDB, remember that you must create
InnoDB: directories yourself, InnoDB does not create them.
2017-05-11 17:39:19 31420 [ERROR] InnoDB: Could not find a valid tablespace file for 'phpmyadmin/pma__table_uiprefs'. See http://dev.mysql.com/doc/refman/5.6/en/innodb-troubleshooting-datadict.html for how to resolve the issue.
2017-05-11 17:39:19 31420 [ERROR] InnoDB: Tablespace open failed for '"phpmyadmin"."pma__table_uiprefs"', ignored.
2017-05-11 17:39:19 7abc  InnoDB: Operating system error number 3 in a file operation.
InnoDB: The error means the system cannot find the path specified.
InnoDB: If you are installing InnoDB, remember that you must create
InnoDB: directories yourself, InnoDB does not create them.
2017-05-11 17:39:19 31420 [ERROR] InnoDB: Could not find a valid tablespace file for 'phpmyadmin/pma__tracking'. See http://dev.mysql.com/doc/refman/5.6/en/innodb-troubleshooting-datadict.html for how to resolve the issue.
2017-05-11 17:39:19 31420 [ERROR] InnoDB: Tablespace open failed for '"phpmyadmin"."pma__tracking"', ignored.
2017-05-11 17:39:19 7abc  InnoDB: Operating system error number 3 in a file operation.
InnoDB: The error means the system cannot find the path specified.
InnoDB: If you are installing InnoDB, remember that you must create
InnoDB: directories yourself, InnoDB does not create them.
2017-05-11 17:39:19 31420 [ERROR] InnoDB: Could not find a valid tablespace file for 'phpmyadmin/pma__userconfig'. See http://dev.mysql.com/doc/refman/5.6/en/innodb-troubleshooting-datadict.html for how to resolve the issue.
2017-05-11 17:39:19 31420 [ERROR] InnoDB: Tablespace open failed for '"phpmyadmin"."pma__userconfig"', ignored.
2017-05-11 17:39:19 7abc  InnoDB: Operating system error number 3 in a file operation.
InnoDB: The error means the system cannot find the path specified.
InnoDB: If you are installing InnoDB, remember that you must create
InnoDB: directories yourself, InnoDB does not create them.
2017-05-11 17:39:19 31420 [ERROR] InnoDB: Could not find a valid tablespace file for 'phpmyadmin/pma__usergroups'. See http://dev.mysql.com/doc/refman/5.6/en/innodb-troubleshooting-datadict.html for how to resolve the issue.
2017-05-11 17:39:19 31420 [ERROR] InnoDB: Tablespace open failed for '"phpmyadmin"."pma__usergroups"', ignored.
2017-05-11 17:39:19 7abc  InnoDB: Operating system error number 3 in a file operation.
InnoDB: The error means the system cannot find the path specified.
InnoDB: If you are installing InnoDB, remember that you must create
InnoDB: directories yourself, InnoDB does not create them.
2017-05-11 17:39:19 31420 [ERROR] InnoDB: Could not find a valid tablespace file for 'phpmyadmin/pma__users'. See http://dev.mysql.com/doc/refman/5.6/en/innodb-troubleshooting-datadict.html for how to resolve the issue.
2017-05-11 17:39:19 31420 [ERROR] InnoDB: Tablespace open failed for '"phpmyadmin"."pma__users"', ignored.
2017-05-11 17:39:19 31420 [Note] InnoDB: 128 rollback segment(s) are active.
2017-05-11 17:39:19 31420 [Note] InnoDB: Waiting for purge to start
2017-05-11 17:39:19 31420 [Note] InnoDB:  Percona XtraDB (http://www.percona.com) 5.6.30-76.3 started; log sequence number 12884153
2017-05-11 17:39:19 19548 [Note] InnoDB: Dumping buffer pool(s) not yet started
2017-05-11 17:39:20 31420 [Note] Plugin 'FEEDBACK' is disabled.
2017-05-11 17:39:20 31420 [Note] Server socket created on IP: '::'.
2017-05-11 17:39:26 31420 [Note] mysql\bin\mysqld.exe: ready for connections.
Version: '10.1.16-MariaDB'  socket: ''  port: 3306  mariadb.org binary distribution
2017-05-11 17:59:53 30348 [Note] InnoDB: Using mutexes to ref count buffer pool pages
2017-05-11 17:59:53 30348 [Note] InnoDB: The InnoDB memory heap is disabled
2017-05-11 17:59:53 30348 [Note] InnoDB: Mutexes and rw_locks use Windows interlocked functions
2017-05-11 17:59:53 30348 [Note] InnoDB: Memory barrier is not used
2017-05-11 17:59:53 30348 [Note] InnoDB: Compressed tables use zlib 1.2.3
2017-05-11 17:59:53 30348 [Note] InnoDB: Using generic crc32 instructions
2017-05-11 17:59:53 30348 [Note] InnoDB: Initializing buffer pool, size = 256.0M
2017-05-11 17:59:53 30348 [Note] InnoDB: Completed initialization of buffer pool
2017-05-11 17:59:53 30348 [ERROR] InnoDB: .\ibdata1 can't be opened in read-write mode
2017-05-11 17:59:53 30348 [ERROR] InnoDB: The system tablespace must be writable!
2017-05-11 17:59:54 30348 [ERROR] Plugin 'InnoDB' init function returned error.
2017-05-11 17:59:54 30348 [ERROR] Plugin 'InnoDB' registration as a STORAGE ENGINE failed.
2017-05-11 17:59:54 30348 [Note] Plugin 'FEEDBACK' is disabled.
2017-05-11 17:59:54 30348 [ERROR] Unknown/unsupported storage engine: innodb
2017-05-11 17:59:54 30348 [ERROR] Aborting

2017-05-11 18:42:02 23228 [Note] mysql\bin\mysqld.exe: Normal shutdown

2017-05-11 18:42:02 23228 [Note] Event Scheduler: Purging the queue. 0 events
2017-05-11 18:42:02 30632 [Note] InnoDB: FTS optimize thread exiting.
2017-05-11 18:42:02 23228 [Note] InnoDB: Starting shutdown...
2017-05-11 18:42:04 23228 [Note] InnoDB: Shutdown completed; log sequence number 12884163
2017-05-11 18:42:04 23228 [Note] mysql\bin\mysqld.exe: Shutdown complete

2017-05-11 18:43:22 30956 [Note] InnoDB: Using mutexes to ref count buffer pool pages
2017-05-11 18:43:22 30956 [Note] InnoDB: The InnoDB memory heap is disabled
2017-05-11 18:43:22 30956 [Note] InnoDB: Mutexes and rw_locks use Windows interlocked functions
2017-05-11 18:43:22 30956 [Note] InnoDB: Memory barrier is not used
2017-05-11 18:43:22 30956 [Note] InnoDB: Compressed tables use zlib 1.2.3
2017-05-11 18:43:22 30956 [Note] InnoDB: Using generic crc32 instructions
2017-05-11 18:43:22 30956 [Note] InnoDB: Initializing buffer pool, size = 256.0M
2017-05-11 18:43:22 30956 [Note] InnoDB: Completed initialization of buffer pool
2017-05-11 18:43:22 30956 [Note] InnoDB: Highest supported file format is Barracuda.
2017-05-11 18:43:24 78ec  InnoDB: Operating system error number 3 in a file operation.
InnoDB: The error means the system cannot find the path specified.
InnoDB: If you are installing InnoDB, remember that you must create
InnoDB: directories yourself, InnoDB does not create them.
2017-05-11 18:43:24 30956 [ERROR] InnoDB: Could not find a valid tablespace file for 'phpmyadmin/pma__bookmark'. See http://dev.mysql.com/doc/refman/5.6/en/innodb-troubleshooting-datadict.html for how to resolve the issue.
2017-05-11 18:43:24 30956 [ERROR] InnoDB: Tablespace open failed for '"phpmyadmin"."pma__bookmark"', ignored.
2017-05-11 18:43:24 78ec  InnoDB: Operating system error number 3 in a file operation.
InnoDB: The error means the system cannot find the path specified.
InnoDB: If you are installing InnoDB, remember that you must create
InnoDB: directories yourself, InnoDB does not create them.
2017-05-11 18:43:24 30956 [ERROR] InnoDB: Could not find a valid tablespace file for 'phpmyadmin/pma__central_columns'. See http://dev.mysql.com/doc/refman/5.6/en/innodb-troubleshooting-datadict.html for how to resolve the issue.
2017-05-11 18:43:24 30956 [ERROR] InnoDB: Tablespace open failed for '"phpmyadmin"."pma__central_columns"', ignored.
2017-05-11 18:43:24 78ec  InnoDB: Operating system error number 3 in a file operation.
InnoDB: The error means the system cannot find the path specified.
InnoDB: If you are installing InnoDB, remember that you must create
InnoDB: directories yourself, InnoDB does not create them.
2017-05-11 18:43:24 30956 [ERROR] InnoDB: Could not find a valid tablespace file for 'phpmyadmin/pma__column_info'. See http://dev.mysql.com/doc/refman/5.6/en/innodb-troubleshooting-datadict.html for how to resolve the issue.
2017-05-11 18:43:24 30956 [ERROR] InnoDB: Tablespace open failed for '"phpmyadmin"."pma__column_info"', ignored.
2017-05-11 18:43:24 78ec  InnoDB: Operating system error number 3 in a file operation.
InnoDB: The error means the system cannot find the path specified.
InnoDB: If you are installing InnoDB, remember that you must create
InnoDB: directories yourself, InnoDB does not create them.
2017-05-11 18:43:24 30956 [ERROR] InnoDB: Could not find a valid tablespace file for 'phpmyadmin/pma__designer_settings'. See http://dev.mysql.com/doc/refman/5.6/en/innodb-troubleshooting-datadict.html for how to resolve the issue.
2017-05-11 18:43:24 30956 [ERROR] InnoDB: Tablespace open failed for '"phpmyadmin"."pma__designer_settings"', ignored.
2017-05-11 18:43:24 78ec  InnoDB: Operating system error number 3 in a file operation.
InnoDB: The error means the system cannot find the path specified.
InnoDB: If you are installing InnoDB, remember that you must create
InnoDB: directories yourself, InnoDB does not create them.
2017-05-11 18:43:24 30956 [ERROR] InnoDB: Could not find a valid tablespace file for 'phpmyadmin/pma__export_templates'. See http://dev.mysql.com/doc/refman/5.6/en/innodb-troubleshooting-datadict.html for how to resolve the issue.
2017-05-11 18:43:24 30956 [ERROR] InnoDB: Tablespace open failed for '"phpmyadmin"."pma__export_templates"', ignored.
2017-05-11 18:43:24 78ec  InnoDB: Operating system error number 3 in a file operation.
InnoDB: The error means the system cannot find the path specified.
InnoDB: If you are installing InnoDB, remember that you must create
InnoDB: directories yourself, InnoDB does not create them.
2017-05-11 18:43:24 30956 [ERROR] InnoDB: Could not find a valid tablespace file for 'phpmyadmin/pma__favorite'. See http://dev.mysql.com/doc/refman/5.6/en/innodb-troubleshooting-datadict.html for how to resolve the issue.
2017-05-11 18:43:24 30956 [ERROR] InnoDB: Tablespace open failed for '"phpmyadmin"."pma__favorite"', ignored.
2017-05-11 18:43:24 78ec  InnoDB: Operating system error number 3 in a file operation.
InnoDB: The error means the system cannot find the path specified.
InnoDB: If you are installing InnoDB, remember that you must create
InnoDB: directories yourself, InnoDB does not create them.
2017-05-11 18:43:24 30956 [ERROR] InnoDB: Could not find a valid tablespace file for 'phpmyadmin/pma__history'. See http://dev.mysql.com/doc/refman/5.6/en/innodb-troubleshooting-datadict.html for how to resolve the issue.
2017-05-11 18:43:24 30956 [ERROR] InnoDB: Tablespace open failed for '"phpmyadmin"."pma__history"', ignored.
2017-05-11 18:43:24 78ec  InnoDB: Operating system error number 3 in a file operation.
InnoDB: The error means the system cannot find the path specified.
InnoDB: If you are installing InnoDB, remember that you must create
InnoDB: directories yourself, InnoDB does not create them.
2017-05-11 18:43:24 30956 [ERROR] InnoDB: Could not find a valid tablespace file for 'phpmyadmin/pma__navigationhiding'. See http://dev.mysql.com/doc/refman/5.6/en/innodb-troubleshooting-datadict.html for how to resolve the issue.
2017-05-11 18:43:24 30956 [ERROR] InnoDB: Tablespace open failed for '"phpmyadmin"."pma__navigationhiding"', ignored.
2017-05-11 18:43:24 78ec  InnoDB: Operating system error number 3 in a file operation.
InnoDB: The error means the system cannot find the path specified.
InnoDB: If you are installing InnoDB, remember that you must create
InnoDB: directories yourself, InnoDB does not create them.
2017-05-11 18:43:24 30956 [ERROR] InnoDB: Could not find a valid tablespace file for 'phpmyadmin/pma__pdf_pages'. See http://dev.mysql.com/doc/refman/5.6/en/innodb-troubleshooting-datadict.html for how to resolve the issue.
2017-05-11 18:43:24 30956 [ERROR] InnoDB: Tablespace open failed for '"phpmyadmin"."pma__pdf_pages"', ignored.
2017-05-11 18:43:24 78ec  InnoDB: Operating system error number 3 in a file operation.
InnoDB: The error means the system cannot find the path specified.
InnoDB: If you are installing InnoDB, remember that you must create
InnoDB: directories yourself, InnoDB does not create them.
2017-05-11 18:43:24 30956 [ERROR] InnoDB: Could not find a valid tablespace file for 'phpmyadmin/pma__recent'. See http://dev.mysql.com/doc/refman/5.6/en/innodb-troubleshooting-datadict.html for how to resolve the issue.
2017-05-11 18:43:24 30956 [ERROR] InnoDB: Tablespace open failed for '"phpmyadmin"."pma__recent"', ignored.
2017-05-11 18:43:24 78ec  InnoDB: Operating system error number 3 in a file operation.
InnoDB: The error means the system cannot find the path specified.
InnoDB: If you are installing InnoDB, remember that you must create
InnoDB: directories yourself, InnoDB does not create them.
2017-05-11 18:43:24 30956 [ERROR] InnoDB: Could not find a valid tablespace file for 'phpmyadmin/pma__relation'. See http://dev.mysql.com/doc/refman/5.6/en/innodb-troubleshooting-datadict.html for how to resolve the issue.
2017-05-11 18:43:24 30956 [ERROR] InnoDB: Tablespace open failed for '"phpmyadmin"."pma__relation"', ignored.
2017-05-11 18:43:24 78ec  InnoDB: Operating system error number 3 in a file operation.
InnoDB: The error means the system cannot find the path specified.
InnoDB: If you are installing InnoDB, remember that you must create
InnoDB: directories yourself, InnoDB does not create them.
2017-05-11 18:43:24 30956 [ERROR] InnoDB: Could not find a valid tablespace file for 'phpmyadmin/pma__savedsearches'. See http://dev.mysql.com/doc/refman/5.6/en/innodb-troubleshooting-datadict.html for how to resolve the issue.
2017-05-11 18:43:24 30956 [ERROR] InnoDB: Tablespace open failed for '"phpmyadmin"."pma__savedsearches"', ignored.
2017-05-11 18:43:24 78ec  InnoDB: Operating system error number 3 in a file operation.
InnoDB: The error means the system cannot find the path specified.
InnoDB: If you are installing InnoDB, remember that you must create
InnoDB: directories yourself, InnoDB does not create them.
2017-05-11 18:43:24 30956 [ERROR] InnoDB: Could not find a valid tablespace file for 'phpmyadmin/pma__table_coords'. See http://dev.mysql.com/doc/refman/5.6/en/innodb-troubleshooting-datadict.html for how to resolve the issue.
2017-05-11 18:43:24 30956 [ERROR] InnoDB: Tablespace open failed for '"phpmyadmin"."pma__table_coords"', ignored.
2017-05-11 18:43:24 78ec  InnoDB: Operating system error number 3 in a file operation.
InnoDB: The error means the system cannot find the path specified.
InnoDB: If you are installing InnoDB, remember that you must create
InnoDB: directories yourself, InnoDB does not create them.
2017-05-11 18:43:24 30956 [ERROR] InnoDB: Could not find a valid tablespace file for 'phpmyadmin/pma__table_info'. See http://dev.mysql.com/doc/refman/5.6/en/innodb-troubleshooting-datadict.html for how to resolve the issue.
2017-05-11 18:43:24 30956 [ERROR] InnoDB: Tablespace open failed for '"phpmyadmin"."pma__table_info"', ignored.
2017-05-11 18:43:24 78ec  InnoDB: Operating system error number 3 in a file operation.
InnoDB: The error means the system cannot find the path specified.
InnoDB: If you are installing InnoDB, remember that you must create
InnoDB: directories yourself, InnoDB does not create them.
2017-05-11 18:43:24 30956 [ERROR] InnoDB: Could not find a valid tablespace file for 'phpmyadmin/pma__table_uiprefs'. See http://dev.mysql.com/doc/refman/5.6/en/innodb-troubleshooting-datadict.html for how to resolve the issue.
2017-05-11 18:43:24 30956 [ERROR] InnoDB: Tablespace open failed for '"phpmyadmin"."pma__table_uiprefs"', ignored.
2017-05-11 18:43:24 78ec  InnoDB: Operating system error number 3 in a file operation.
InnoDB: The error means the system cannot find the path specified.
InnoDB: If you are installing InnoDB, remember that you must create
InnoDB: directories yourself, InnoDB does not create them.
2017-05-11 18:43:24 30956 [ERROR] InnoDB: Could not find a valid tablespace file for 'phpmyadmin/pma__tracking'. See http://dev.mysql.com/doc/refman/5.6/en/innodb-troubleshooting-datadict.html for how to resolve the issue.
2017-05-11 18:43:24 30956 [ERROR] InnoDB: Tablespace open failed for '"phpmyadmin"."pma__tracking"', ignored.
2017-05-11 18:43:24 78ec  InnoDB: Operating system error number 3 in a file operation.
InnoDB: The error means the system cannot find the path specified.
InnoDB: If you are installing InnoDB, remember that you must create
InnoDB: directories yourself, InnoDB does not create them.
2017-05-11 18:43:24 30956 [ERROR] InnoDB: Could not find a valid tablespace file for 'phpmyadmin/pma__userconfig'. See http://dev.mysql.com/doc/refman/5.6/en/innodb-troubleshooting-datadict.html for how to resolve the issue.
2017-05-11 18:43:24 30956 [ERROR] InnoDB: Tablespace open failed for '"phpmyadmin"."pma__userconfig"', ignored.
2017-05-11 18:43:24 78ec  InnoDB: Operating system error number 3 in a file operation.
InnoDB: The error means the system cannot find the path specified.
InnoDB: If you are installing InnoDB, remember that you must create
InnoDB: directories yourself, InnoDB does not create them.
2017-05-11 18:43:24 30956 [ERROR] InnoDB: Could not find a valid tablespace file for 'phpmyadmin/pma__usergroups'. See http://dev.mysql.com/doc/refman/5.6/en/innodb-troubleshooting-datadict.html for how to resolve the issue.
2017-05-11 18:43:24 30956 [ERROR] InnoDB: Tablespace open failed for '"phpmyadmin"."pma__usergroups"', ignored.
2017-05-11 18:43:24 78ec  InnoDB: Operating system error number 3 in a file operation.
InnoDB: The error means the system cannot find the path specified.
InnoDB: If you are installing InnoDB, remember that you must create
InnoDB: directories yourself, InnoDB does not create them.
2017-05-11 18:43:24 30956 [ERROR] InnoDB: Could not find a valid tablespace file for 'phpmyadmin/pma__users'. See http://dev.mysql.com/doc/refman/5.6/en/innodb-troubleshooting-datadict.html for how to resolve the issue.
2017-05-11 18:43:24 30956 [ERROR] InnoDB: Tablespace open failed for '"phpmyadmin"."pma__users"', ignored.
2017-05-11 18:43:24 30956 [Note] InnoDB: 128 rollback segment(s) are active.
2017-05-11 18:43:24 30956 [Note] InnoDB: Waiting for purge to start
2017-05-11 18:43:24 30956 [Note] InnoDB:  Percona XtraDB (http://www.percona.com) 5.6.30-76.3 started; log sequence number 12884163
2017-05-11 18:43:25 12268 [Note] InnoDB: Dumping buffer pool(s) not yet started
2017-05-11 18:43:25 30956 [Note] Plugin 'FEEDBACK' is disabled.
2017-05-11 18:43:25 30956 [Note] Server socket created on IP: '::'.
2017-05-11 18:43:28 30956 [Note] mysql\bin\mysqld.exe: ready for connections.
Version: '10.1.16-MariaDB'  socket: ''  port: 3306  mariadb.org binary distribution
2017-05-11 18:44:24 5572 [Note] mysql\bin\mysqld.exe: Normal shutdown

2017-05-11 18:44:24 5572 [Note] Event Scheduler: Purging the queue. 0 events
2017-05-11 18:44:24 2604 [Note] InnoDB: FTS optimize thread exiting.
2017-05-11 18:44:24 5572 [Note] InnoDB: Starting shutdown...
2017-05-11 18:44:25 5572 [Note] InnoDB: Shutdown completed; log sequence number 12884173
2017-05-11 18:44:25 5572 [Note] mysql\bin\mysqld.exe: Shutdown complete

